[01m[K/home/colin/agv_gui/src/amr_v4_qt/src/main.cpp:[m[K In function â€˜[01m[Kint main(int, char**)[m[Kâ€™:
[01m[K/home/colin/agv_gui/src/amr_v4_qt/src/main.cpp:22:11:[m[K [01;31m[Kerror: [m[Kinvalid use of incomplete type â€˜[01m[Kclass QDebug[m[Kâ€™
   22 |     qDebug[01;31m[K([m[K) << env_var;
      |           [01;31m[K^[m[K
In file included from [01m[K/usr/include/x86_64-linux-gnu/qt5/QtCore/qglobal.h:1297[m[K,
                 from [01m[K/usr/include/x86_64-linux-gnu/qt5/QtGui/qtguiglobal.h:43[m[K,
                 from [01m[K/usr/include/x86_64-linux-gnu/qt5/QtWidgets/qtwidgetsglobal.h:43[m[K,
                 from [01m[K/usr/include/x86_64-linux-gnu/qt5/QtWidgets/qapplication.h:43[m[K,
                 from [01m[K/usr/include/x86_64-linux-gnu/qt5/QtWidgets/QApplication:1[m[K,
                 from [01m[K/home/colin/agv_gui/src/amr_v4_qt/src/main.cpp:1[m[K:
[01m[K/usr/include/x86_64-linux-gnu/qt5/QtCore/qlogging.h:57:7:[m[K [01;36m[Knote: [m[Kforward declaration of â€˜[01m[Kclass QDebug[m[Kâ€™
   57 | class [01;36m[KQDebug[m[K;
      |       [01;36m[K^~~~~~[m[K
[01m[K/home/colin/agv_gui/src/amr_v4_qt/src/main.cpp:24:56:[m[K [01;31m[Kerror: [m[Kâ€˜[01m[Krobot_name[m[Kâ€™ was not declared in this scope
   24 |     options.arguments({"--ros-args", "-r", "__ns:=/" + [01;31m[Krobot_name[m[K, "-r", "__node:=Motor_Status"});
      |                                                        [01;31m[K^~~~~~~~~~[m[K
[01m[K/home/colin/agv_gui/src/amr_v4_qt/src/main.cpp:24:22:[m[K [01;31m[Kerror: [m[Kno matching function for call to â€˜[01m[Krclcpp::NodeOptions::arguments(<brace-enclosed initializer list>)[m[Kâ€™
   24 |     [01;31m[Koptions.arguments({"--ros-args", "-r", "__ns:=/" + robot_name, "-r", "__node:=Motor_Status"})[m[K;
      |     [01;31m[K~~~~~~~~~~~~~~~~~^~~~~~~~~~~~~~~~~~~~~~~~~~~~~~~~~~~~~~~~~~~~~~~~~~~~~~~~~~~~~~~~~~~~~~~~~~~~[m[K
In file included from [01m[K/opt/ros/iron/include/rclcpp/rclcpp/node.hpp:61[m[K,
                 from [01m[K/opt/ros/iron/include/rclcpp/rclcpp/executors/single_threaded_executor.hpp:28[m[K,
                 from [01m[K/opt/ros/iron/include/rclcpp/rclcpp/executors.hpp:22[m[K,
                 from [01m[K/opt/ros/iron/include/rclcpp/rclcpp/rclcpp.hpp:167[m[K,
                 from [01m[K/home/colin/agv_gui/src/amr_v4_qt/src/main.cpp:3[m[K:
[01m[K/opt/ros/iron/include/rclcpp/rclcpp/node_options.hpp:108:3:[m[K [01;36m[Knote: [m[Kcandidate: â€˜[01m[Kconst std::vector<std::__cxx11::basic_string<char> >& rclcpp::NodeOptions::arguments() const[m[Kâ€™
  108 |   [01;36m[Karguments[m[K() const;
      |   [01;36m[K^~~~~~~~~[m[K
[01m[K/opt/ros/iron/include/rclcpp/rclcpp/node_options.hpp:108:3:[m[K [01;36m[Knote: [m[K  candidate expects 0 arguments, 1 provided
[01m[K/opt/ros/iron/include/rclcpp/rclcpp/node_options.hpp:119:3:[m[K [01;36m[Knote: [m[Kcandidate: â€˜[01m[Krclcpp::NodeOptions& rclcpp::NodeOptions::arguments(const std::vector<std::__cxx11::basic_string<char> >&)[m[Kâ€™
  119 |   [01;36m[Karguments[m[K(const std::vector<std::string> & arguments);
      |   [01;36m[K^~~~~~~~~[m[K
[01m[K/opt/ros/iron/include/rclcpp/rclcpp/node_options.hpp:119:46:[m[K [01;36m[Knote: [m[K  no known conversion for argument 1 from â€˜[01m[K<brace-enclosed initializer list>[m[Kâ€™ to â€˜[01m[Kconst std::vector<std::__cxx11::basic_string<char> >&[m[Kâ€™
  119 |   arguments([01;36m[Kconst std::vector<std::string> & arguments[m[K);
      |             [01;36m[K~~~~~~~~~~~~~~~~~~~~~~~~~~~~~~~~~^~~~~~~~~[m[K
[01m[K/home/colin/agv_gui/src/amr_v4_qt/src/main.cpp:25:5:[m[K [01;31m[Kerror: [m[Kâ€˜[01m[Knode_[m[Kâ€™ was not declared in this scope; did you mean â€˜[01m[Kmode_t[m[Kâ€™?
   25 |     [01;31m[Knode_[m[K = std::Node::make_shared("_", options);
      |     [01;31m[K^~~~~[m[K
      |     [32m[Kmode_t[m[K
[01m[K/home/colin/agv_gui/src/amr_v4_qt/src/main.cpp:25:18:[m[K [01;31m[Kerror: [m[Kâ€˜[01m[Kstd::Node[m[Kâ€™ has not been declared
   25 |     node_ = std::[01;31m[KNode[m[K::make_shared("_", options);
      |                  [01;31m[K^~~~[m[K
gmake[2]: *** [CMakeFiles/amr_v4_qt.dir/build.make:158: CMakeFiles/amr_v4_qt.dir/src/main.cpp.o] Error 1
gmake[1]: *** [CMakeFiles/Makefile2:138: CMakeFiles/amr_v4_qt.dir/all] Error 2
gmake: *** [Makefile:146: all] Error 2
