[01m[K/home/colin/agv_gui/src/agv_gui/src/main_gui.cpp:188:19:[m[K [01;31m[Kerror: [m[Kâ€˜[01m[KBatterySub1[m[Kâ€™ was not declared in this scope; did you mean â€˜[01m[KBatterySub[m[Kâ€™?
  188 |   std::shared_ptr<[01;31m[KBatterySub1[m[K> battery_sub_;
      |                   [01;31m[K^~~~~~~~~~~[m[K
      |                   [32m[KBatterySub[m[K
[01m[K/home/colin/agv_gui/src/agv_gui/src/main_gui.cpp:188:30:[m[K [01;31m[Kerror: [m[Ktemplate argument 1 is invalid
  188 |   std::shared_ptr<BatterySub1[01;31m[K>[m[K battery_sub_;
      |                              [01;31m[K^[m[K
[01m[K/home/colin/agv_gui/src/agv_gui/src/main_gui.cpp:[m[K In constructor â€˜[01m[KMainGui::MainGui(std::shared_ptr<ChargeSub>, std::shared_ptr<BatterySub>, QWidget*)[m[Kâ€™:
[01m[K/home/colin/agv_gui/src/agv_gui/src/main_gui.cpp:31:22:[m[K [01;31m[Kerror: [m[Kinvalid user-defined conversion from â€˜[01m[Kstd::shared_ptr<BatterySub>[m[Kâ€™ to â€˜[01m[Kint[m[Kâ€™ [[01;31m[K-fpermissive[m[K]
   31 |         battery_sub_([01;31m[Kbattery_sub_[m[K)
      |                      [01;31m[K^~~~~~~~~~~~[m[K
In file included from [01m[K/usr/include/c++/9/bits/shared_ptr.h:52[m[K,
                 from [01m[K/usr/include/c++/9/memory:81[m[K,
                 from [01m[K/home/colin/agv_gui/src/agv_gui/src/main_gui.cpp:11[m[K:
[01m[K/usr/include/c++/9/bits/shared_ptr_base.h:1312:16:[m[K [01;36m[Knote: [m[Kcandidate is: â€˜[01m[Kstd::__shared_ptr<_Tp, _Lp>::operator bool() const [with _Tp = BatterySub; __gnu_cxx::_Lock_policy _Lp = __gnu_cxx::_S_atomic][m[Kâ€™ <near match>
 1312 |       explicit [01;36m[Koperator[m[K bool() const // never throws
      |                [01;36m[K^~~~~~~~[m[K
[01m[K/usr/include/c++/9/bits/shared_ptr_base.h:1312:16:[m[K [01;36m[Knote: [m[K  return type â€˜[01m[Kbool[m[Kâ€™ of explicit conversion function cannot be converted to â€˜[01m[Kint[m[Kâ€™ with a qualification conversion
make[2]: *** [CMakeFiles/agv_gui.dir/build.make:110: CMakeFiles/agv_gui.dir/src/main_gui.cpp.o] Error 1
make[1]: *** [CMakeFiles/Makefile2:79: CMakeFiles/agv_gui.dir/all] Error 2
make: *** [Makefile:141: all] Error 2
