[  2%] [34m[1mAutomatic MOC and UIC for target amr_v4_qt[0m
[  2%] Built target amr_v4_qt_autogen
[35m[1mScanning dependencies of target amr_v4_qt[0m
[  4%] [32mBuilding CXX object CMakeFiles/amr_v4_qt.dir/src/main_gui.cpp.o[0m
[  6%] [32mBuilding CXX object CMakeFiles/amr_v4_qt.dir/src/main_screen.cpp.o[0m
[  8%] [32mBuilding CXX object CMakeFiles/amr_v4_qt.dir/src/motors.cpp.o[0m
[ 10%] [32mBuilding CXX object CMakeFiles/amr_v4_qt.dir/src/health.cpp.o[0m
[01m[K/home/kidd/projects/agv_gui/amr_v4_qt/src/main_gui.cpp:[m[K In constructor â€˜[01m[KMainGui::MainGui(std::shared_ptr<BatterySub>, std::shared_ptr<RobotSub>, std::shared_ptr<MotorSub>, std::shared_ptr<HealthSub>, std::shared_ptr<RunningSub>, QWidget*)[m[Kâ€™:
[01m[K/home/kidd/projects/agv_gui/amr_v4_qt/src/main_gui.cpp:58:28:[m[K [01;31m[Kerror: [m[Kâ€˜[01m[Kclass Ui::MainScreen[m[Kâ€™ has no member named â€˜[01m[KhelloScreenButton[m[Kâ€™; did you mean â€˜[01m[KhealthScreenButton[m[Kâ€™?
   58 |     connect(mainScreen->ui.[01;31m[KhelloScreenButton[m[K, &QPushButton::clicked, this, &MainGui::onTabClicked);
      |                            [01;31m[K^~~~~~~~~~~~~~~~~[m[K
      |                            [32m[KhealthScreenButton[m[K
[01m[K/home/kidd/projects/agv_gui/amr_v4_qt/src/main_gui.cpp:[m[K In member function â€˜[01m[Kvoid MainGui::switchToTabScreen(QObject*)[m[Kâ€™:
[01m[K/home/kidd/projects/agv_gui/amr_v4_qt/src/main_gui.cpp:99:41:[m[K [01;31m[Kerror: [m[Kâ€˜[01m[Kclass Ui::MainScreen[m[Kâ€™ has no member named â€˜[01m[KhelloscreenButton[m[Kâ€™; did you mean â€˜[01m[KhealthScreenButton[m[Kâ€™?
   99 |     else if(senderObj == mainScreen->ui.[01;31m[KhelloscreenButton[m[K) {
      |                                         [01;31m[K^~~~~~~~~~~~~~~~~[m[K
      |                                         [32m[KhealthScreenButton[m[K
make[2]: *** [CMakeFiles/amr_v4_qt.dir/build.make:153: CMakeFiles/amr_v4_qt.dir/src/main_gui.cpp.o] Error 1
make[2]: *** Waiting for unfinished jobs....
make[1]: *** [CMakeFiles/Makefile2:79: CMakeFiles/amr_v4_qt.dir/all] Error 2
make: *** [Makefile:141: all] Error 2
