[0.046s] Invoking command in '/home/colin/agv_gui/build/amr_v4_qt': CMAKE_PREFIX_PATH=${CMAKE_PREFIX_PATH}:/opt/ros/iron /usr/bin/cmake --build /home/colin/agv_gui/build/amr_v4_qt -- -j4 -l4
[0.233s] [  2%] [34m[1mAutomatic MOC and UIC for target amr_v4_qt[0m
[0.292s] [  2%] Built target amr_v4_qt_autogen
[0.338s] [  5%] [34m[1mGenerating include/moc_amr_node.cpp[0m
[0.375s] [35m[1mConsolidate compiler generated dependencies of target amr_v4_qt[0m
[0.504s] [  8%] [32mBuilding CXX object CMakeFiles/amr_v4_qt.dir/src/main.cpp.o[0m
[0.510s] [ 11%] [32mBuilding CXX object CMakeFiles/amr_v4_qt.dir/src/amr_node.cpp.o[0m
[0.544s] [ 14%] [32mBuilding CXX object CMakeFiles/amr_v4_qt.dir/src/main_gui.cpp.o[0m
[0.562s] [ 17%] [32mBuilding CXX object CMakeFiles/amr_v4_qt.dir/include/moc_main_gui.cpp.o[0m
[17.323s] [01m[K/home/colin/agv_gui/src/amr_v4_qt/src/amr_node.cpp:3:1:[m[K [01;31m[Kerror: [m[Kno declaration matches â€˜[01m[KAmrNode::AmrNode(std::string)[m[Kâ€™
[17.323s]     3 | [01;31m[KAmrNode[m[K::AmrNode(const std::string nodeName)
[17.324s]       | [01;31m[K^~~~~~~[m[K
[17.324s] In file included from [01m[K/home/colin/agv_gui/src/amr_v4_qt/src/amr_node.cpp:1[m[K:
[17.324s] [01m[K/home/colin/agv_gui/src/amr_v4_qt/include/amr_node.h:14:7:[m[K [01;36m[Knote: [m[Kcandidates are: â€˜[01m[KAmrNode::AmrNode(AmrNode&&)[m[Kâ€™
[17.324s]    14 | class [01;36m[KAmrNode[m[K : public QObject, public rclcpp::Node
[17.324s]       |       [01;36m[K^~~~~~~[m[K
[17.324s] [01m[K/home/colin/agv_gui/src/amr_v4_qt/include/amr_node.h:14:7:[m[K [01;36m[Knote: [m[K                â€˜[01m[KAmrNode::AmrNode(const AmrNode&)[m[Kâ€™
[17.324s] [01m[K/home/colin/agv_gui/src/amr_v4_qt/include/amr_node.h:19:14:[m[K [01;36m[Knote: [m[K                â€˜[01m[KAmrNode::AmrNode(const string&)[m[Kâ€™
[17.325s]    19 |     explicit [01;36m[KAmrNode[m[K(const std::string& nodeName);
[17.325s]       |              [01;36m[K^~~~~~~[m[K
[17.325s] [01m[K/home/colin/agv_gui/src/amr_v4_qt/include/amr_node.h:14:7:[m[K [01;36m[Knote: [m[Kâ€˜[01m[Kclass AmrNode[m[Kâ€™ defined here
[17.325s]    14 | class [01;36m[KAmrNode[m[K : public QObject, public rclcpp::Node
[17.325s]       |       [01;36m[K^~~~~~~[m[K
[19.660s] [01m[K/home/colin/agv_gui/src/amr_v4_qt/src/main_gui.cpp:[m[K In constructor â€˜[01m[KMainGui::MainGui(std::shared_ptr<AmrNode>, QWidget*)[m[Kâ€™:
[19.660s] [01m[K/home/colin/agv_gui/src/amr_v4_qt/src/main_gui.cpp:66:39:[m[K [01;31m[Kerror: [m[Kâ€˜[01m[KchangedMode[m[Kâ€™ is not a member of â€˜[01m[KAmrNode[m[Kâ€™
[19.660s]    66 |     connect(amr_node.get(), &AmrNode::[01;31m[KchangedMode[m[K, this, &MainGui::updateMode);
[19.661s]       |                                       [01;31m[K^~~~~~~~~~~[m[K
[19.661s] [01m[K/home/colin/agv_gui/src/amr_v4_qt/src/main_gui.cpp:67:39:[m[K [01;31m[Kerror: [m[Kâ€˜[01m[KchangedStatus[m[Kâ€™ is not a member of â€˜[01m[KAmrNode[m[Kâ€™
[19.661s]    67 |     connect(amr_node.get(), &AmrNode::[01;31m[KchangedStatus[m[K, this, &MainGui::updateRobot);
[19.661s]       |                                       [01;31m[K^~~~~~~~~~~~~[m[K
[19.698s] [01m[K/home/colin/agv_gui/src/amr_v4_qt/src/main_gui.cpp:[m[K In member function â€˜[01m[Kvoid MainGui::onModeSwitched()[m[Kâ€™:
[19.698s] [01m[K/home/colin/agv_gui/src/amr_v4_qt/src/main_gui.cpp:103:5:[m[K [01;31m[Kerror: [m[Kâ€˜[01m[KmodeNode[m[Kâ€™ was not declared in this scope
[19.699s]   103 |     [01;31m[KmodeNode[m[K->mode_callback(driveMode);
[19.699s]       |     [01;31m[K^~~~~~~~[m[K
[19.705s] [01m[K/home/colin/agv_gui/src/amr_v4_qt/src/main_gui.cpp:[m[K In member function â€˜[01m[Kint MainGui::getWifiSignalStrength()[m[Kâ€™:
[19.705s] [01m[K/home/colin/agv_gui/src/amr_v4_qt/src/main_gui.cpp:159:18:[m[K [01;35m[Kwarning: [m[Kâ€˜[01m[Kvoid QProcess::start(const QString&, QIODevice::OpenMode)[m[Kâ€™ is deprecated: Use QProcess::start(const QString &program, const QStringList &arguments,OpenMode mode = ReadWrite) instead [[01;35m[K]8;;https://gcc.gnu.org/onlinedocs/gcc/Warning-Options.html#index-Wdeprecated-declarations-Wdeprecated-declarations]8;;[m[K]
[19.706s]   159 |     [01;35m[Kprocess.start("iwconfig")[m[K;
[19.706s]       |     [01;35m[K~~~~~~~~~~~~~^~~~~~~~~~~~[m[K
[19.707s] In file included from [01m[K/usr/include/x86_64-linux-gnu/qt5/QtCore/QProcess:1[m[K,
[19.707s]                  from [01m[K/home/colin/agv_gui/src/amr_v4_qt/src/main_gui.cpp:5[m[K:
[19.707s] [01m[K/usr/include/x86_64-linux-gnu/qt5/QtCore/qprocess.h:168:10:[m[K [01;36m[Knote: [m[Kdeclared here
[19.707s]   168 |     void [01;36m[Kstart[m[K(const QString &command, OpenMode mode = ReadWrite);
[19.708s]       |          [01;36m[K^~~~~[m[K
[19.854s] [01m[K/home/colin/agv_gui/src/amr_v4_qt/src/main.cpp:[m[K In function â€˜[01m[Kint main(int, char**)[m[Kâ€™:
[19.854s] [01m[K/home/colin/agv_gui/src/amr_v4_qt/src/main.cpp:29:26:[m[K [01;31m[Kerror: [m[Kâ€˜[01m[KMakeShared[m[Kâ€™ is not a member of â€˜[01m[Kstd[m[Kâ€™; did you mean â€˜[01m[Kmake_shared[m[Kâ€™?
[19.855s]    29 |     auto amrNode_ = std::[01;31m[KMakeShared[m[K<AmrNode>("amr_node");
[19.855s]       |                          [01;31m[K^~~~~~~~~~[m[K
[19.855s]       |                          [32m[Kmake_shared[m[K
[19.856s] [01m[K/home/colin/agv_gui/src/amr_v4_qt/src/main.cpp:29:44:[m[K [01;31m[Kerror: [m[Kexpected primary-expression before â€˜[01m[K>[m[Kâ€™ token
[19.856s]    29 |     auto amrNode_ = std::MakeShared<AmrNode[01;31m[K>[m[K("amr_node");
[19.856s]       |                                            [01;31m[K^[m[K
[20.497s] gmake[2]: *** [CMakeFiles/amr_v4_qt.dir/build.make:236: CMakeFiles/amr_v4_qt.dir/src/amr_node.cpp.o] Error 1
[20.497s] gmake[2]: *** Waiting for unfinished jobs....
[21.621s] gmake[2]: *** [CMakeFiles/amr_v4_qt.dir/build.make:152: CMakeFiles/amr_v4_qt.dir/src/main_gui.cpp.o] Error 1
[21.714s] gmake[2]: *** [CMakeFiles/amr_v4_qt.dir/build.make:138: CMakeFiles/amr_v4_qt.dir/src/main.cpp.o] Error 1
[21.715s] gmake[1]: *** [CMakeFiles/Makefile2:138: CMakeFiles/amr_v4_qt.dir/all] Error 2
[21.715s] gmake: *** [Makefile:146: all] Error 2
[21.721s] Invoked command in '/home/colin/agv_gui/build/amr_v4_qt' returned '2': CMAKE_PREFIX_PATH=${CMAKE_PREFIX_PATH}:/opt/ros/iron /usr/bin/cmake --build /home/colin/agv_gui/build/amr_v4_qt -- -j4 -l4
