[  2%] [34m[1mAutomatic MOC and UIC for target amr_v4_qt[0m
[  2%] Built target amr_v4_qt_autogen
[  6%] [34m[1mGenerating include/moc_ui_main_screen.cpp[0m
[  6%] [34m[1mGenerating include/moc_main_gui.cpp[0m
/home/colin/agv_gui/amr_v4_qt/include/ui_main_screen.h:0: Note: No relevant classes found. No output generated.
[35m[1mScanning dependencies of target amr_v4_qt[0m
[  8%] [32mBuilding CXX object CMakeFiles/amr_v4_qt.dir/src/main.cpp.o[0m
[ 10%] [32mBuilding CXX object CMakeFiles/amr_v4_qt.dir/src/main_gui.cpp.o[0m
[ 12%] [32mBuilding CXX object CMakeFiles/amr_v4_qt.dir/src/scrolling_label.cpp.o[0m
[ 14%] [32mBuilding CXX object CMakeFiles/amr_v4_qt.dir/include/moc_main_gui.cpp.o[0m
[ 16%] [32mBuilding CXX object CMakeFiles/amr_v4_qt.dir/src/main_screen.cpp.o[0m
[ 18%] [32mBuilding CXX object CMakeFiles/amr_v4_qt.dir/include/moc_ui_main_screen.cpp.o[0m
[ 20%] [32mBuilding CXX object CMakeFiles/amr_v4_qt.dir/include/moc_main_screen.cpp.o[0m
[01m[K/home/colin/agv_gui/amr_v4_qt/src/scrolling_label.cpp:[m[K In member function â€˜[01m[Kvirtual void ScrollingLabel::paintEvent(QPaintEvent*)[m[Kâ€™:
[01m[K/home/colin/agv_gui/amr_v4_qt/src/scrolling_label.cpp:16:46:[m[K [01;35m[Kwarning: [m[Kunused parameter â€˜[01m[Kevent[m[Kâ€™ [[01;35m[K-Wunused-parameter[m[K]
   16 | void ScrollingLabel::paintEvent([01;35m[KQPaintEvent *event[m[K) {
      |                                 [01;35m[K~~~~~~~~~~~~~^~~~~[m[K
[ 22%] [32m[1mLinking CXX executable amr_v4_qt[0m
/usr/bin/ld: CMakeFiles/amr_v4_qt.dir/src/main_gui.cpp.o: in function `MainGui::MainGui(std::shared_ptr<BatterySub>, std::shared_ptr<RobotSub>, std::shared_ptr<MotorSub>, std::shared_ptr<HealthSub>, std::shared_ptr<RunningSub>, QWidget*)':
main_gui.cpp:(.text+0x1fc): undefined reference to `Test::Test(QWidget*)'
collect2: error: ld returned 1 exit status
make[2]: *** [CMakeFiles/amr_v4_qt.dir/build.make:733: amr_v4_qt] Error 1
make[1]: *** [CMakeFiles/Makefile2:79: CMakeFiles/amr_v4_qt.dir/all] Error 2
make: *** [Makefile:141: all] Error 2
