[0.051s] Invoking command in '/home/colin/agv_gui/build/amr_v4_qt': CMAKE_PREFIX_PATH=${CMAKE_PREFIX_PATH}:/opt/ros/iron /usr/bin/cmake --build /home/colin/agv_gui/build/amr_v4_qt -- -j4 -l4
[0.179s] -- Found ament_cmake: 2.0.5 (/opt/ros/iron/share/ament_cmake/cmake)
[0.761s] -- Found geometry_msgs: 5.0.1 (/opt/ros/iron/share/geometry_msgs/cmake)
[0.897s] -- Found rosidl_generator_c: 4.0.1 (/opt/ros/iron/share/rosidl_generator_c/cmake)
[0.928s] -- Found rosidl_generator_cpp: 4.0.1 (/opt/ros/iron/share/rosidl_generator_cpp/cmake)
[0.980s] -- Using all available rosidl_typesupport_c: rosidl_typesupport_fastrtps_c;rosidl_typesupport_introspection_c
[1.044s] -- Using all available rosidl_typesupport_cpp: rosidl_typesupport_fastrtps_cpp;rosidl_typesupport_introspection_cpp
[1.339s] -- Found rclcpp: 21.0.6 (/opt/ros/iron/share/rclcpp/cmake)
[1.783s] -- Found rmw_implementation_cmake: 7.1.0 (/opt/ros/iron/share/rmw_implementation_cmake/cmake)
[1.790s] -- Found rmw_fastrtps_cpp: 7.1.3 (/opt/ros/iron/share/rmw_fastrtps_cpp/cmake)
[2.152s] -- Using RMW implementation 'rmw_fastrtps_cpp' as default
[2.688s] -- Found rclcpp_components: 21.0.6 (/opt/ros/iron/share/rclcpp_components/cmake)
[2.970s] -- Found rviz_common: 12.4.7 (/opt/ros/iron/share/rviz_common/cmake)
[3.022s] -- Setting assimp_DIR to: '/opt/ros/iron/share/rviz_assimp_vendor/cmake/../../../opt/rviz_assimp_vendor/lib/cmake/assimp-4.1'
[3.044s] -- Setting OGRE_DIR to: '/opt/ros/iron/share/rviz_ogre_vendor/cmake/../../../opt/rviz_ogre_vendor/lib/OGRE/cmake'
[3.056s] -- Found OGRE
[3.056s] --   static     : OFF
[3.057s] --   components : MeshLodGenerator;Overlay;Paging;Property;RTShaderSystem;Terrain;Volume
[3.059s] --   plugins    : Plugin_BSPSceneManager;Plugin_OctreeSceneManager;Plugin_PCZSceneManager;Plugin_ParticleFX;RenderSystem_GL;RenderSystem_GL3Plus;Codec_STBI
[3.060s] --   media      : /opt/ros/iron/opt/rviz_ogre_vendor/share/OGRE/Media
[3.060s] -- OGRE_LIBRARIES: OgreMeshLodGenerator;OgreOverlay;OgrePaging;OgreProperty;OgreRTShaderSystem;OgreTerrain;OgreVolume;OgreMain
[3.060s] -- OGRE_LIBRARY_DIRS: /opt/ros/iron/opt/rviz_ogre_vendor/lib
[3.060s] -- OGRE_PLUGINS: Plugin_BSPSceneManager;Plugin_OctreeSceneManager;Plugin_PCZSceneManager;Plugin_ParticleFX;RenderSystem_GL;RenderSystem_GL3Plus;Codec_STBI
[3.060s] -- OGRE_PLUGIN_DIR: /opt/ros/iron/opt/rviz_ogre_vendor/lib/OGRE
[3.061s] -- rviz_ogre_vendor::OgreOverlay for IMPORTED_LOCATION_RELEASE: /opt/ros/iron/opt/rviz_ogre_vendor/lib/libOgreOverlay.so
[3.061s] -- rviz_ogre_vendor::OgreOverlay for IMPORTED_LOCATION_DEBUG: /opt/ros/iron/opt/rviz_ogre_vendor/lib/libOgreOverlay.so
[3.061s] -- rviz_ogre_vendor::OgreMain for IMPORTED_LOCATION_RELEASE: /opt/ros/iron/opt/rviz_ogre_vendor/lib/libOgreMain.so
[3.061s] -- rviz_ogre_vendor::OgreMain for IMPORTED_LOCATION_DEBUG: /opt/ros/iron/opt/rviz_ogre_vendor/lib/libOgreMain.so
[3.066s] -- Could not find freeimage library
[3.238s] -- library: /usr/lib/x86_64-linux-gnu/libcurl.so
[3.717s] -- Ensuring Eigen3 include directory is part of orocos-kdl CMake target
[4.736s] -- Found rviz_default_plugins: 12.4.7 (/opt/ros/iron/share/rviz_default_plugins/cmake)
[6.790s] -- Found std_srvs: 5.0.1 (/opt/ros/iron/share/std_srvs/cmake)
[6.911s] -- Found amr_v4_msgs_srvs: 0.0.0 (/home/colin/agv_gui/install/amr_v4_msgs_srvs/share/amr_v4_msgs_srvs/cmake)
[7.046s] -- Found tf2_eigen: 0.31.7 (/opt/ros/iron/share/tf2_eigen/cmake)
[7.284s] -- Configuring done
[7.453s] -- Generating done
[7.461s] -- Build files have been written to: /home/colin/agv_gui/build/amr_v4_qt
[7.584s] [  2%] [34m[1mAutomatic MOC and UIC for target amr_v4_qt[0m
[7.667s] [  2%] Built target amr_v4_qt_autogen
[7.701s] [  5%] [34m[1mGenerating include/moc_main_gui.cpp[0m
[7.719s] [  8%] [34m[1mGenerating include/moc_amr_node.cpp[0m
[7.786s] [35m[1mConsolidate compiler generated dependencies of target amr_v4_qt[0m
[7.883s] [ 11%] [32mBuilding CXX object CMakeFiles/amr_v4_qt.dir/src/main_gui.cpp.o[0m
[7.892s] [ 14%] [32mBuilding CXX object CMakeFiles/amr_v4_qt.dir/src/amr_node.cpp.o[0m
[7.901s] [ 17%] [32mBuilding CXX object CMakeFiles/amr_v4_qt.dir/src/main.cpp.o[0m
[9.007s] [ 20%] [32mBuilding CXX object CMakeFiles/amr_v4_qt.dir/include/moc_main_gui.cpp.o[0m
[28.499s] In file included from [01m[K/home/colin/agv_gui/src/amr_v4_qt/src/amr_node.cpp:1[m[K:
[28.500s] [01m[K/home/colin/agv_gui/src/amr_v4_qt/include/amr_node.h:24:31:[m[K [01;31m[Kerror: [m[Kâ€˜[01m[Kst_msgs[m[Kâ€™ does not name a type
[28.501s]    24 |     void robot_callback(const [01;31m[Kst_msgs[m[K::msg::String::SharedPtr msg);
[28.501s]       |                               [01;31m[K^~~~~~~[m[K
[28.501s] [01m[K/home/colin/agv_gui/src/amr_v4_qt/include/amr_node.h:24:43:[m[K [01;31m[Kerror: [m[Kexpected unqualified-id before â€˜[01m[K::[m[Kâ€™ token
[28.501s]    24 |     void robot_callback(const st_msgs::msg[01;31m[K::[m[KString::SharedPtr msg);
[28.502s]       |                                           [01;31m[K^~[m[K
[28.502s] [01m[K/home/colin/agv_gui/src/amr_v4_qt/include/amr_node.h:24:43:[m[K [01;31m[Kerror: [m[Kexpected â€˜[01m[K)[m[Kâ€™ before â€˜[01m[K::[m[Kâ€™ token
[28.502s]    24 |     void robot_callback[34m[K([m[Kconst st_msgs::msg[01;31m[K:[m[K[32m[K:[m[KString::SharedPtr msg);
[28.502s]       |                        [34m[K~[m[K                  [01;31m[K^[m[K[32m[K~[m[K
[28.502s]       |                                           [32m[K)[m[K
[28.502s] [01m[K/home/colin/agv_gui/src/amr_v4_qt/include/amr_node.h:24:40:[m[K [01;31m[Kerror: [m[Kexpected â€˜[01m[K;[m[Kâ€™ at end of member declaration
[28.502s]    24 |     void robot_callback(const st_msgs::[01;31m[Kmsg[m[K::String::SharedPtr msg);
[28.503s]       |                                        [01;31m[K^~~[m[K
[28.503s]       |                                           [32m[K;[m[K
[28.519s] [01m[K/home/colin/agv_gui/src/amr_v4_qt/include/amr_node.h:24:45:[m[K [01;31m[Kerror: [m[Kâ€˜[01m[KString[m[Kâ€™ in namespace â€˜[01m[K::[m[Kâ€™ does not name a type; did you mean â€˜[01m[KQString[m[Kâ€™?
[28.520s]    24 |     void robot_callback(const st_msgs::msg::[01;31m[KString[m[K::SharedPtr msg);
[28.521s]       |                                             [01;31m[K^~~~~~[m[K
[28.521s]       |                                             [32m[KQString[m[K
[29.234s] [01m[K/home/colin/agv_gui/src/amr_v4_qt/include/amr_node.h:57:38:[m[K [01;31m[Kerror: [m[Kâ€˜[01m[KBool[m[Kâ€™ is not a member of â€˜[01m[Kstd_msgs::msg[m[Kâ€™
[29.237s]    57 |     rclcpp::Publisher<std_msgs::msg::[01;31m[KBool[m[K>::SharedPtr mode_pub_;
[29.240s]       |                                      [01;31m[K^~~~[m[K
[29.240s] [01m[K/home/colin/agv_gui/src/amr_v4_qt/include/amr_node.h:57:42:[m[K [01;31m[Kerror: [m[Ktemplate argument 1 is invalid
[29.241s]    57 |     rclcpp::Publisher<std_msgs::msg::Bool[01;31m[K>[m[K::SharedPtr mode_pub_;
[29.246s]       |                                          [01;31m[K^[m[K
[29.247s] [01m[K/home/colin/agv_gui/src/amr_v4_qt/include/amr_node.h:57:45:[m[K [01;31m[Kerror: [m[Kexpected â€˜[01m[K;[m[Kâ€™ at end of member declaration
[29.248s]    57 |     rclcpp::Publisher<std_msgs::msg::Bool>::[01;31m[KSharedPtr[m[K mode_pub_;
[29.248s]       |                                             [01;31m[K^~~~~~~~~[m[K
[29.248s]       |                                                      [32m[K;[m[K
[29.272s] [01m[K/home/colin/agv_gui/src/amr_v4_qt/include/amr_node.h:57:55:[m[K [01;31m[Kerror: [m[Kâ€˜[01m[Kmode_pub_[m[Kâ€™ does not name a type
[29.273s]    57 |     rclcpp::Publisher<std_msgs::msg::Bool>::SharedPtr [01;31m[Kmode_pub_[m[K;
[29.273s]       |                                                       [01;31m[K^~~~~~~~~[m[K
[29.282s] [01m[K/home/colin/agv_gui/src/amr_v4_qt/src/amr_node.cpp:3:1:[m[K [01;31m[Kerror: [m[Kno declaration matches â€˜[01m[KAmrNode::AmrNode(std::string)[m[Kâ€™
[29.283s]     3 | [01;31m[KAmrNode[m[K::AmrNode(const std::string nodeName)
[29.283s]       | [01;31m[K^~~~~~~[m[K
[29.283s] In file included from [01m[K/home/colin/agv_gui/src/amr_v4_qt/src/amr_node.cpp:1[m[K:
[29.283s] [01m[K/home/colin/agv_gui/src/amr_v4_qt/include/amr_node.h:13:7:[m[K [01;36m[Knote: [m[Kcandidates are: â€˜[01m[KAmrNode::AmrNode(AmrNode&&)[m[Kâ€™
[29.284s]    13 | class [01;36m[KAmrNode[m[K : public QObject, public rclcpp::Node
[29.284s]       |       [01;36m[K^~~~~~~[m[K
[29.284s] [01m[K/home/colin/agv_gui/src/amr_v4_qt/include/amr_node.h:13:7:[m[K [01;36m[Knote: [m[K                â€˜[01m[KAmrNode::AmrNode(const AmrNode&)[m[Kâ€™
[29.285s] [01m[K/home/colin/agv_gui/src/amr_v4_qt/include/amr_node.h:18:14:[m[K [01;36m[Knote: [m[K                â€˜[01m[KAmrNode::AmrNode(const string&)[m[Kâ€™
[29.285s]    18 |     explicit [01;36m[KAmrNode[m[K(const std::string& nodeName);
[29.285s]       |              [01;36m[K^~~~~~~[m[K
[29.285s] [01m[K/home/colin/agv_gui/src/amr_v4_qt/include/amr_node.h:13:7:[m[K [01;36m[Knote: [m[Kâ€˜[01m[Kclass AmrNode[m[Kâ€™ defined here
[29.286s]    13 | class [01;36m[KAmrNode[m[K : public QObject, public rclcpp::Node
[29.286s]       |       [01;36m[K^~~~~~~[m[K
[29.360s] [01m[K/home/colin/agv_gui/src/amr_v4_qt/src/amr_node.cpp:[m[K In member function â€˜[01m[Kvoid AmrNode::lidar_callback(std_msgs::msg::String_<std::allocator<void> >::SharedPtr)[m[Kâ€™:
[29.361s] [01m[K/home/colin/agv_gui/src/amr_v4_qt/src/amr_node.cpp:38:10:[m[K [01;31m[Kerror: [m[Kâ€˜[01m[KchagnedLidar[m[Kâ€™ was not declared in this scope; did you mean â€˜[01m[KchangedLidar[m[Kâ€™?
[29.361s]    38 |     emit [01;31m[KchagnedLidar[m[K(lidar_info);
[29.361s]       |          [01;31m[K^~~~~~~~~~~~[m[K
[29.362s]       |          [32m[KchangedLidar[m[K
[29.363s] [01m[K/home/colin/agv_gui/src/amr_v4_qt/src/amr_node.cpp:[m[K At global scope:
[29.363s] [01m[K/home/colin/agv_gui/src/amr_v4_qt/src/amr_node.cpp:47:6:[m[K [01;31m[Kerror: [m[Kâ€˜[01m[KMotorSub[m[Kâ€™ has not been declared
[29.375s]    47 | void [01;31m[KMotorSub[m[K::motor_callback(const amr_v4_msgs_srvs::msg::Motor::SharedPtr msg)
[29.375s]       |      [01;31m[K^~~~~~~~[m[K
[29.443s] [01m[K/home/colin/agv_gui/src/amr_v4_qt/src/amr_node.cpp:[m[K In function â€˜[01m[Kvoid motor_callback(amr_v4_msgs_srvs::msg::Motor_<std::allocator<void> >::SharedPtr)[m[Kâ€™:
[29.444s] [01m[K/home/colin/agv_gui/src/amr_v4_qt/src/amr_node.cpp:49:5:[m[K [01;31m[Kerror: [m[Kâ€˜[01m[Koutput_current_right[m[Kâ€™ was not declared in this scope
[29.444s]    49 |     [01;31m[Koutput_current_right[m[K = msg->output_current_right.c_str();
[29.444s]       |     [01;31m[K^~~~~~~~~~~~~~~~~~~~[m[K
[29.488s] [01m[K/home/colin/agv_gui/src/amr_v4_qt/src/amr_node.cpp:50:5:[m[K [01;31m[Kerror: [m[Kâ€˜[01m[Koutput_current_left[m[Kâ€™ was not declared in this scope
[29.488s]    50 |     [01;31m[Koutput_current_left[m[K = msg->output_current_left.c_str();
[29.489s]       |     [01;31m[K^~~~~~~~~~~~~~~~~~~[m[K
[29.533s] [01m[K/home/colin/agv_gui/src/amr_v4_qt/src/amr_node.cpp:51:5:[m[K [01;31m[Kerror: [m[Kâ€˜[01m[Koutput_current_pin[m[Kâ€™ was not declared in this scope
[29.533s]    51 |     [01;31m[Koutput_current_pin[m[K = msg->output_current_pin.c_str();
[29.533s]       |     [01;31m[K^~~~~~~~~~~~~~~~~~[m[K
[29.557s] [01m[K/home/colin/agv_gui/src/amr_v4_qt/src/amr_node.cpp:52:5:[m[K [01;31m[Kerror: [m[Kâ€˜[01m[Kerror_right[m[Kâ€™ was not declared in this scope; did you mean â€˜[01m[Kerror_t[m[Kâ€™?
[29.558s]    52 |     [01;31m[Kerror_right[m[K = msg->error_right.c_str();
[29.558s]       |     [01;31m[K^~~~~~~~~~~[m[K
[29.558s]       |     [32m[Kerror_t[m[K
[29.592s] [01m[K/home/colin/agv_gui/src/amr_v4_qt/src/amr_node.cpp:53:5:[m[K [01;31m[Kerror: [m[Kâ€˜[01m[Kerror_left[m[Kâ€™ was not declared in this scope; did you mean â€˜[01m[Kerror_t[m[Kâ€™?
[29.592s]    53 |     [01;31m[Kerror_left[m[K = msg->error_left.c_str();
[29.592s]       |     [01;31m[K^~~~~~~~~~[m[K
[29.593s]       |     [32m[Kerror_t[m[K
[29.625s] [01m[K/home/colin/agv_gui/src/amr_v4_qt/src/amr_node.cpp:54:5:[m[K [01;31m[Kerror: [m[Kâ€˜[01m[Kerror_pin[m[Kâ€™ was not declared in this scope; did you mean â€˜[01m[Kerror_t[m[Kâ€™?
[29.626s]    54 |     [01;31m[Kerror_pin[m[K = msg->error_pin.c_str();
[29.626s]       |     [01;31m[K^~~~~~~~~[m[K
[29.626s]       |     [32m[Kerror_t[m[K
[29.656s] [01m[K/home/colin/agv_gui/src/amr_v4_qt/src/amr_node.cpp:56:10:[m[K [01;31m[Kerror: [m[Kâ€˜[01m[KchangedMotor[m[Kâ€™ was not declared in this scope
[29.656s]    56 |     emit [01;31m[KchangedMotor[m[K(output_current_right, output_current_left, output_current_pin,
[29.656s]       |          [01;31m[K^~~~~~~~~~~~[m[K
[29.656s] [01m[K/home/colin/agv_gui/src/amr_v4_qt/src/amr_node.cpp:[m[K At global scope:
[29.657s] [01m[K/home/colin/agv_gui/src/amr_v4_qt/src/amr_node.cpp:60:6:[m[K [01;31m[Kerror: [m[Kâ€˜[01m[KMotorSub[m[Kâ€™ has not been declared
[29.657s]    60 | void [01;31m[KMotorSub[m[K::robot_callback(const std_msgs::msg::String::SharedPtr msg)
[29.657s]       |      [01;31m[K^~~~~~~~[m[K
[29.680s] [01m[K/home/colin/agv_gui/src/amr_v4_qt/src/amr_node.cpp:[m[K In function â€˜[01m[Kvoid robot_callback(std_msgs::msg::String_<std::allocator<void> >::SharedPtr)[m[Kâ€™:
[29.680s] [01m[K/home/colin/agv_gui/src/amr_v4_qt/src/amr_node.cpp:62:5:[m[K [01;31m[Kerror: [m[Kâ€˜[01m[Kstatus[m[Kâ€™ was not declared in this scope; did you mean â€˜[01m[Kstatic[m[Kâ€™?
[29.681s]    62 |     [01;31m[Kstatus[m[K = msg->data.c_str();
[29.681s]       |     [01;31m[K^~~~~~[m[K
[29.681s]       |     [32m[Kstatic[m[K
[29.727s] [01m[K/home/colin/agv_gui/src/amr_v4_qt/src/amr_node.cpp:63:10:[m[K [01;31m[Kerror: [m[Kâ€˜[01m[KchangedRobot[m[Kâ€™ was not declared in this scope
[29.727s]    63 |     emit [01;31m[KchangedRobot[m[K(status);
[29.728s]       |          [01;31m[K^~~~~~~~~~~~[m[K
[29.728s] [01m[K/home/colin/agv_gui/src/amr_v4_qt/src/amr_node.cpp:[m[K At global scope:
[29.728s] [01m[K/home/colin/agv_gui/src/amr_v4_qt/src/amr_node.cpp:66:6:[m[K [01;31m[Kerror: [m[Kâ€˜[01m[KMotorSub[m[Kâ€™ has not been declared
[29.728s]    66 | void [01;31m[KMotorSub[m[K::mode_callback(const bool mode)
[29.728s]       |      [01;31m[K^~~~~~~~[m[K
[29.729s] [01m[K/home/colin/agv_gui/src/amr_v4_qt/src/amr_node.cpp:[m[K In function â€˜[01m[Kvoid mode_callback(bool)[m[Kâ€™:
[29.729s] [01m[K/home/colin/agv_gui/src/amr_v4_qt/src/amr_node.cpp:68:35:[m[K [01;31m[Kerror: [m[Kâ€˜[01m[KBool[m[Kâ€™ is not a member of â€˜[01m[Kstd_msgs::msg[m[Kâ€™
[29.729s]    68 |     auto message = std_msgs::msg::[01;31m[KBool[m[K();
[29.729s]       |                                   [01;31m[K^~~~[m[K
[29.750s] [01m[K/home/colin/agv_gui/src/amr_v4_qt/src/amr_node.cpp:70:5:[m[K [01;31m[Kerror: [m[Kâ€˜[01m[Kmode_pub_[m[Kâ€™ was not declared in this scope
[29.750s]    70 |     [01;31m[Kmode_pub_[m[K->publish(message);
[29.750s]       |     [01;31m[K^~~~~~~~~[m[K
[32.592s] In file included from [01m[K/home/colin/agv_gui/src/amr_v4_qt/include/main_gui.h:19[m[K,
[32.592s]                  from [01m[K/home/colin/agv_gui/src/amr_v4_qt/src/main.cpp:4[m[K:
[32.592s] [01m[K/home/colin/agv_gui/src/amr_v4_qt/include/amr_node.h:24:31:[m[K [01;31m[Kerror: [m[Kâ€˜[01m[Kst_msgs[m[Kâ€™ does not name a type
[32.593s]    24 |     void robot_callback(const [01;31m[Kst_msgs[m[K::msg::String::SharedPtr msg);
[32.593s]       |                               [01;31m[K^~~~~~~[m[K
[32.593s] [01m[K/home/colin/agv_gui/src/amr_v4_qt/include/amr_node.h:24:43:[m[K [01;31m[Kerror: [m[Kexpected unqualified-id before â€˜[01m[K::[m[Kâ€™ token
[32.593s]    24 |     void robot_callback(const st_msgs::msg[01;31m[K::[m[KString::SharedPtr msg);
[32.594s]       |                                           [01;31m[K^~[m[K
[32.594s] [01m[K/home/colin/agv_gui/src/amr_v4_qt/include/amr_node.h:24:43:[m[K [01;31m[Kerror: [m[Kexpected â€˜[01m[K)[m[Kâ€™ before â€˜[01m[K::[m[Kâ€™ token
[32.595s]    24 |     void robot_callback[34m[K([m[Kconst st_msgs::msg[01;31m[K:[m[K[32m[K:[m[KString::SharedPtr msg);
[32.596s]       |                        [34m[K~[m[K                  [01;31m[K^[m[K[32m[K~[m[K
[32.596s]       |                                           [32m[K)[m[K
[32.596s] [01m[K/home/colin/agv_gui/src/amr_v4_qt/include/amr_node.h:24:40:[m[K [01;31m[Kerror: [m[Kexpected â€˜[01m[K;[m[Kâ€™ at end of member declaration
[32.596s]    24 |     void robot_callback(const st_msgs::[01;31m[Kmsg[m[K::String::SharedPtr msg);
[32.597s]       |                                        [01;31m[K^~~[m[K
[32.597s]       |                                           [32m[K;[m[K
[32.604s] [01m[K/home/colin/agv_gui/src/amr_v4_qt/include/amr_node.h:24:45:[m[K [01;31m[Kerror: [m[Kâ€˜[01m[KString[m[Kâ€™ in namespace â€˜[01m[K::[m[Kâ€™ does not name a type; did you mean â€˜[01m[KQString[m[Kâ€™?
[32.604s]    24 |     void robot_callback(const st_msgs::msg::[01;31m[KString[m[K::SharedPtr msg);
[32.605s]       |                                             [01;31m[K^~~~~~[m[K
[32.605s]       |                                             [32m[KQString[m[K
[32.710s] In file included from [01m[K/home/colin/agv_gui/src/amr_v4_qt/include/main_gui.h:19[m[K,
[32.711s]                  from [01m[K/home/colin/agv_gui/src/amr_v4_qt/src/main_gui.cpp:1[m[K:
[32.712s] [01m[K/home/colin/agv_gui/src/amr_v4_qt/include/amr_node.h:24:31:[m[K [01;31m[Kerror: [m[Kâ€˜[01m[Kst_msgs[m[Kâ€™ does not name a type
[32.712s]    24 |     void robot_callback(const [01;31m[Kst_msgs[m[K::msg::String::SharedPtr msg);
[32.713s]       |                               [01;31m[K^~~~~~~[m[K
[32.713s] [01m[K/home/colin/agv_gui/src/amr_v4_qt/include/amr_node.h:24:43:[m[K [01;31m[Kerror: [m[Kexpected unqualified-id before â€˜[01m[K::[m[Kâ€™ token
[32.713s]    24 |     void robot_callback(const st_msgs::msg[01;31m[K::[m[KString::SharedPtr msg);
[32.713s]       |                                           [01;31m[K^~[m[K
[32.714s] [01m[K/home/colin/agv_gui/src/amr_v4_qt/include/amr_node.h:24:43:[m[K [01;31m[Kerror: [m[Kexpected â€˜[01m[K)[m[Kâ€™ before â€˜[01m[K::[m[Kâ€™ token
[32.714s]    24 |     void robot_callback[34m[K([m[Kconst st_msgs::msg[01;31m[K:[m[K[32m[K:[m[KString::SharedPtr msg);
[32.714s]       |                        [34m[K~[m[K                  [01;31m[K^[m[K[32m[K~[m[K
[32.714s]       |                                           [32m[K)[m[K
[32.715s] [01m[K/home/colin/agv_gui/src/amr_v4_qt/include/amr_node.h:24:40:[m[K [01;31m[Kerror: [m[Kexpected â€˜[01m[K;[m[Kâ€™ at end of member declaration
[32.715s]    24 |     void robot_callback(const st_msgs::[01;31m[Kmsg[m[K::String::SharedPtr msg);
[32.715s]       |                                        [01;31m[K^~~[m[K
[32.715s]       |                                           [32m[K;[m[K
[32.728s] [01m[K/home/colin/agv_gui/src/amr_v4_qt/include/amr_node.h:24:45:[m[K [01;31m[Kerror: [m[Kâ€˜[01m[KString[m[Kâ€™ in namespace â€˜[01m[K::[m[Kâ€™ does not name a type; did you mean â€˜[01m[KQString[m[Kâ€™?
[32.729s]    24 |     void robot_callback(const st_msgs::msg::[01;31m[KString[m[K::SharedPtr msg);
[32.729s]       |                                             [01;31m[K^~~~~~[m[K
[32.730s]       |                                             [32m[KQString[m[K
[33.112s] [01m[K/home/colin/agv_gui/src/amr_v4_qt/include/amr_node.h:57:38:[m[K [01;31m[Kerror: [m[Kâ€˜[01m[KBool[m[Kâ€™ is not a member of â€˜[01m[Kstd_msgs::msg[m[Kâ€™
[33.112s]    57 |     rclcpp::Publisher<std_msgs::msg::[01;31m[KBool[m[K>::SharedPtr mode_pub_;
[33.112s]       |                                      [01;31m[K^~~~[m[K
[33.113s] [01m[K/home/colin/agv_gui/src/amr_v4_qt/include/amr_node.h:57:42:[m[K [01;31m[Kerror: [m[Ktemplate argument 1 is invalid
[33.113s]    57 |     rclcpp::Publisher<std_msgs::msg::Bool[01;31m[K>[m[K::SharedPtr mode_pub_;
[33.113s]       |                                          [01;31m[K^[m[K
[33.113s] [01m[K/home/colin/agv_gui/src/amr_v4_qt/include/amr_node.h:57:45:[m[K [01;31m[Kerror: [m[Kexpected â€˜[01m[K;[m[Kâ€™ at end of member declaration
[33.113s]    57 |     rclcpp::Publisher<std_msgs::msg::Bool>::[01;31m[KSharedPtr[m[K mode_pub_;
[33.114s]       |                                             [01;31m[K^~~~~~~~~[m[K
[33.114s]       |                                                      [32m[K;[m[K
[33.114s] [01m[K/home/colin/agv_gui/src/amr_v4_qt/include/amr_node.h:57:38:[m[K [01;31m[Kerror: [m[Kâ€˜[01m[KBool[m[Kâ€™ is not a member of â€˜[01m[Kstd_msgs::msg[m[Kâ€™
[33.114s]    57 |     rclcpp::Publisher<std_msgs::msg::[01;31m[KBool[m[K>::SharedPtr mode_pub_;
[33.114s]       |                                      [01;31m[K^~~~[m[K
[33.115s] [01m[K/home/colin/agv_gui/src/amr_v4_qt/include/amr_node.h:57:42:[m[K [01;31m[Kerror: [m[Ktemplate argument 1 is invalid
[33.115s]    57 |     rclcpp::Publisher<std_msgs::msg::Bool[01;31m[K>[m[K::SharedPtr mode_pub_;
[33.115s]       |                                          [01;31m[K^[m[K
[33.115s] [01m[K/home/colin/agv_gui/src/amr_v4_qt/include/amr_node.h:57:45:[m[K [01;31m[Kerror: [m[Kexpected â€˜[01m[K;[m[Kâ€™ at end of member declaration
[33.115s]    57 |     rclcpp::Publisher<std_msgs::msg::Bool>::[01;31m[KSharedPtr[m[K mode_pub_;
[33.115s]       |                                             [01;31m[K^~~~~~~~~[m[K
[33.116s]       |                                                      [32m[K;[m[K
[33.121s] [01m[K/home/colin/agv_gui/src/amr_v4_qt/include/amr_node.h:57:55:[m[K [01;31m[Kerror: [m[Kâ€˜[01m[Kmode_pub_[m[Kâ€™ does not name a type
[33.121s]    57 |     rclcpp::Publisher<std_msgs::msg::Bool>::SharedPtr [01;31m[Kmode_pub_[m[K;
[33.121s]       |                                                       [01;31m[K^~~~~~~~~[m[K
[33.124s] [01m[K/home/colin/agv_gui/src/amr_v4_qt/include/amr_node.h:57:55:[m[K [01;31m[Kerror: [m[Kâ€˜[01m[Kmode_pub_[m[Kâ€™ does not name a type
[33.124s]    57 |     rclcpp::Publisher<std_msgs::msg::Bool>::SharedPtr [01;31m[Kmode_pub_[m[K;
[33.125s]       |                                                       [01;31m[K^~~~~~~~~[m[K
[33.221s] In file included from [01m[K/home/colin/agv_gui/build/amr_v4_qt/include/../../../src/amr_v4_qt/include/main_gui.h:19[m[K,
[33.221s]                  from [01m[K/home/colin/agv_gui/build/amr_v4_qt/include/moc_main_gui.cpp:10[m[K:
[33.221s] [01m[K/home/colin/agv_gui/build/amr_v4_qt/include/../../../src/amr_v4_qt/include/amr_node.h:24:31:[m[K [01;31m[Kerror: [m[Kâ€˜[01m[Kst_msgs[m[Kâ€™ does not name a type
[33.222s]    24 |     void robot_callback(const [01;31m[Kst_msgs[m[K::msg::String::SharedPtr msg);
[33.222s]       |                               [01;31m[K^~~~~~~[m[K
[33.223s] [01m[K/home/colin/agv_gui/build/amr_v4_qt/include/../../../src/amr_v4_qt/include/amr_node.h:24:43:[m[K [01;31m[Kerror: [m[Kexpected unqualified-id before â€˜[01m[K::[m[Kâ€™ token
[33.223s]    24 |     void robot_callback(const st_msgs::msg[01;31m[K::[m[KString::SharedPtr msg);
[33.224s]       |                                           [01;31m[K^~[m[K
[33.224s] [01m[K/home/colin/agv_gui/build/amr_v4_qt/include/../../../src/amr_v4_qt/include/amr_node.h:24:43:[m[K [01;31m[Kerror: [m[Kexpected â€˜[01m[K)[m[Kâ€™ before â€˜[01m[K::[m[Kâ€™ token
[33.224s]    24 |     void robot_callback[34m[K([m[Kconst st_msgs::msg[01;31m[K:[m[K[32m[K:[m[KString::SharedPtr msg);
[33.224s]       |                        [34m[K~[m[K                  [01;31m[K^[m[K[32m[K~[m[K
[33.224s]       |                                           [32m[K)[m[K
[33.224s] [01m[K/home/colin/agv_gui/build/amr_v4_qt/include/../../../src/amr_v4_qt/include/amr_node.h:24:40:[m[K [01;31m[Kerror: [m[Kexpected â€˜[01m[K;[m[Kâ€™ at end of member declaration
[33.224s]    24 |     void robot_callback(const st_msgs::[01;31m[Kmsg[m[K::String::SharedPtr msg);
[33.225s]       |                                        [01;31m[K^~~[m[K
[33.225s]       |                                           [32m[K;[m[K
[33.264s] [01m[K/home/colin/agv_gui/build/amr_v4_qt/include/../../../src/amr_v4_qt/include/amr_node.h:24:45:[m[K [01;31m[Kerror: [m[Kâ€˜[01m[KString[m[Kâ€™ in namespace â€˜[01m[K::[m[Kâ€™ does not name a type; did you mean â€˜[01m[KQString[m[Kâ€™?
[33.264s]    24 |     void robot_callback(const st_msgs::msg::[01;31m[KString[m[K::SharedPtr msg);
[33.265s]       |                                             [01;31m[K^~~~~~[m[K
[33.270s]       |                                             [32m[KQString[m[K
[33.375s] [01m[K/home/colin/agv_gui/src/amr_v4_qt/src/main_gui.cpp:[m[K In constructor â€˜[01m[KMainGui::MainGui(std::shared_ptr<AmrNode>, QWidget*)[m[Kâ€™:
[33.376s] [01m[K/home/colin/agv_gui/src/amr_v4_qt/src/main_gui.cpp:62:30:[m[K [01;31m[Kerror: [m[Kâ€˜[01m[KBatterySub[m[Kâ€™ has not been declared
[33.376s]    62 |     connect(amr_node.get(), &[01;31m[KBatterySub[m[K::changedBattery, this, &MainGui::updateBattery);
[33.376s]       |                              [01;31m[K^~~~~~~~~~[m[K
[33.377s] [01m[K/home/colin/agv_gui/src/amr_v4_qt/src/main_gui.cpp:63:30:[m[K [01;31m[Kerror: [m[Kâ€˜[01m[KMotorSub[m[Kâ€™ has not been declared
[33.377s]    63 |     connect(amr_node.get(), &[01;31m[KMotorSub[m[K::changedMotor, this, &MainGui::updateMotors);
[33.377s]       |                              [01;31m[K^~~~~~~~[m[K
[33.377s] [01m[K/home/colin/agv_gui/src/amr_v4_qt/src/main_gui.cpp:64:30:[m[K [01;31m[Kerror: [m[Kâ€˜[01m[KHealthSub[m[Kâ€™ has not been declared
[33.378s]    64 |     connect(amr_node.get(), &[01;31m[KHealthSub[m[K::changedCamera, this, &MainGui::updateCamera);
[33.378s]       |                              [01;31m[K^~~~~~~~~[m[K
[33.378s] [01m[K/home/colin/agv_gui/src/amr_v4_qt/src/main_gui.cpp:65:30:[m[K [01;31m[Kerror: [m[Kâ€˜[01m[KHealthSub[m[Kâ€™ has not been declared
[33.379s]    65 |     connect(amr_node.get(), &[01;31m[KHealthSub[m[K::changedLidar, this, &MainGui::updateLidar);
[33.379s]       |                              [01;31m[K^~~~~~~~~[m[K
[33.379s] [01m[K/home/colin/agv_gui/src/amr_v4_qt/src/main_gui.cpp:66:30:[m[K [01;31m[Kerror: [m[Kâ€˜[01m[KRunningSub[m[Kâ€™ has not been declared
[33.380s]    66 |     connect(amr_node.get(), &[01;31m[KRunningSub[m[K::changedMode, this, &MainGui::updateMode);
[33.380s]       |                              [01;31m[K^~~~~~~~~~[m[K
[33.380s] [01m[K/home/colin/agv_gui/src/amr_v4_qt/src/main_gui.cpp:67:30:[m[K [01;31m[Kerror: [m[Kâ€˜[01m[KRobotSub[m[Kâ€™ has not been declared
[33.381s]    67 |     connect(amr_node.get(), &[01;31m[KRobotSub[m[K::changedStatus, this, &MainGui::updateRobot);
[33.381s]       |                              [01;31m[K^~~~~~~~[m[K
[33.402s] [01m[K/home/colin/agv_gui/src/amr_v4_qt/src/main.cpp:[m[K In function â€˜[01m[Kint main(int, char**)[m[Kâ€™:
[33.404s] [01m[K/home/colin/agv_gui/src/amr_v4_qt/src/main.cpp:29:26:[m[K [01;31m[Kerror: [m[Kâ€˜[01m[KMakeShared[m[Kâ€™ is not a member of â€˜[01m[Kstd[m[Kâ€™; did you mean â€˜[01m[Kmake_shared[m[Kâ€™?
[33.406s]    29 |     auto amrNode_ = std::[01;31m[KMakeShared[m[K<AmrNode>("amr_node");
[33.407s]       |                          [01;31m[K^~~~~~~~~~[m[K
[33.409s]       |                          [32m[Kmake_shared[m[K
[33.411s] [01m[K/home/colin/agv_gui/src/amr_v4_qt/src/main.cpp:29:44:[m[K [01;31m[Kerror: [m[Kexpected primary-expression before â€˜[01m[K>[m[Kâ€™ token
[33.413s]    29 |     auto amrNode_ = std::MakeShared<AmrNode[01;31m[K>[m[K("amr_node");
[33.415s]       |                                            [01;31m[K^[m[K
[33.434s] [01m[K/home/colin/agv_gui/src/amr_v4_qt/src/main_gui.cpp:[m[K In member function â€˜[01m[Kvoid MainGui::onModeSwitched()[m[Kâ€™:
[33.435s] [01m[K/home/colin/agv_gui/src/amr_v4_qt/src/main_gui.cpp:103:5:[m[K [01;31m[Kerror: [m[Kâ€˜[01m[KmodeNode[m[Kâ€™ was not declared in this scope
[33.436s]   103 |     [01;31m[KmodeNode[m[K->mode_callback(driveMode);
[33.438s]       |     [01;31m[K^~~~~~~~[m[K
[33.444s] [01m[K/home/colin/agv_gui/src/amr_v4_qt/src/main_gui.cpp:[m[K In member function â€˜[01m[Kint MainGui::getWifiSignalStrength()[m[Kâ€™:
[33.450s] [01m[K/home/colin/agv_gui/src/amr_v4_qt/src/main_gui.cpp:159:18:[m[K [01;35m[Kwarning: [m[Kâ€˜[01m[Kvoid QProcess::start(const QString&, QIODevice::OpenMode)[m[Kâ€™ is deprecated: Use QProcess::start(const QString &program, const QStringList &arguments,OpenMode mode = ReadWrite) instead [[01;35m[K]8;;https://gcc.gnu.org/onlinedocs/gcc/Warning-Options.html#index-Wdeprecated-declarations-Wdeprecated-declarations]8;;[m[K]
[33.452s]   159 |     [01;35m[Kprocess.start("iwconfig")[m[K;
[33.453s]       |     [01;35m[K~~~~~~~~~~~~~^~~~~~~~~~~~[m[K
[33.455s] In file included from [01m[K/usr/include/x86_64-linux-gnu/qt5/QtCore/QProcess:1[m[K,
[33.456s]                  from [01m[K/home/colin/agv_gui/src/amr_v4_qt/src/main_gui.cpp:5[m[K:
[33.457s] [01m[K/usr/include/x86_64-linux-gnu/qt5/QtCore/qprocess.h:168:10:[m[K [01;36m[Knote: [m[Kdeclared here
[33.458s]   168 |     void [01;36m[Kstart[m[K(const QString &command, OpenMode mode = ReadWrite);
[33.459s]       |          [01;36m[K^~~~~[m[K
[33.658s] [01m[K/home/colin/agv_gui/build/amr_v4_qt/include/../../../src/amr_v4_qt/include/amr_node.h:57:38:[m[K [01;31m[Kerror: [m[Kâ€˜[01m[KBool[m[Kâ€™ is not a member of â€˜[01m[Kstd_msgs::msg[m[Kâ€™
[33.659s]    57 |     rclcpp::Publisher<std_msgs::msg::[01;31m[KBool[m[K>::SharedPtr mode_pub_;
[33.662s]       |                                      [01;31m[K^~~~[m[K
[33.664s] [01m[K/home/colin/agv_gui/build/amr_v4_qt/include/../../../src/amr_v4_qt/include/amr_node.h:57:42:[m[K [01;31m[Kerror: [m[Ktemplate argument 1 is invalid
[33.666s]    57 |     rclcpp::Publisher<std_msgs::msg::Bool[01;31m[K>[m[K::SharedPtr mode_pub_;
[33.667s]       |                                          [01;31m[K^[m[K
[33.668s] [01m[K/home/colin/agv_gui/build/amr_v4_qt/include/../../../src/amr_v4_qt/include/amr_node.h:57:45:[m[K [01;31m[Kerror: [m[Kexpected â€˜[01m[K;[m[Kâ€™ at end of member declaration
[33.669s]    57 |     rclcpp::Publisher<std_msgs::msg::Bool>::[01;31m[KSharedPtr[m[K mode_pub_;
[33.670s]       |                                             [01;31m[K^~~~~~~~~[m[K
[33.671s]       |                                                      [32m[K;[m[K
[33.671s] [01m[K/home/colin/agv_gui/build/amr_v4_qt/include/../../../src/amr_v4_qt/include/amr_node.h:57:55:[m[K [01;31m[Kerror: [m[Kâ€˜[01m[Kmode_pub_[m[Kâ€™ does not name a type
[33.673s]    57 |     rclcpp::Publisher<std_msgs::msg::Bool>::SharedPtr [01;31m[Kmode_pub_[m[K;
[33.674s]       |                                                       [01;31m[K^~~~~~~~~[m[K
[34.170s] gmake[2]: *** [CMakeFiles/amr_v4_qt.dir/build.make:236: CMakeFiles/amr_v4_qt.dir/src/amr_node.cpp.o] Error 1
[34.172s] gmake[2]: *** Waiting for unfinished jobs....
[35.788s] gmake[2]: *** [CMakeFiles/amr_v4_qt.dir/build.make:138: CMakeFiles/amr_v4_qt.dir/src/main.cpp.o] Error 1
[35.858s] gmake[2]: *** [CMakeFiles/amr_v4_qt.dir/build.make:152: CMakeFiles/amr_v4_qt.dir/src/main_gui.cpp.o] Error 1
[36.194s] gmake[2]: *** [CMakeFiles/amr_v4_qt.dir/build.make:250: CMakeFiles/amr_v4_qt.dir/include/moc_main_gui.cpp.o] Error 1
[36.195s] gmake[1]: *** [CMakeFiles/Makefile2:138: CMakeFiles/amr_v4_qt.dir/all] Error 2
[36.195s] gmake: *** [Makefile:146: all] Error 2
[36.204s] Invoked command in '/home/colin/agv_gui/build/amr_v4_qt' returned '2': CMAKE_PREFIX_PATH=${CMAKE_PREFIX_PATH}:/opt/ros/iron /usr/bin/cmake --build /home/colin/agv_gui/build/amr_v4_qt -- -j4 -l4
