[0.020s] Invoking command in '/home/colin/agv_gui/build/amr_v4_qt': CMAKE_PREFIX_PATH=${CMAKE_PREFIX_PATH}:/opt/ros/iron /usr/bin/cmake --build /home/colin/agv_gui/build/amr_v4_qt -- -j4 -l4
[0.105s] [  1%] [34m[1mAutomatic MOC and UIC for target amr_v4_qt[0m
[0.153s] [  1%] Built target amr_v4_qt_autogen
[0.197s] [35m[1mConsolidate compiler generated dependencies of target amr_v4_qt[0m
[0.316s] [  3%] [32mBuilding CXX object CMakeFiles/amr_v4_qt.dir/src/main.cpp.o[0m
[6.314s] [01m[K/home/colin/agv_gui/src/amr_v4_qt/src/main.cpp:[m[K In function â€˜[01m[Kint main(int, char**)[m[Kâ€™:
[6.315s] [01m[K/home/colin/agv_gui/src/amr_v4_qt/src/main.cpp:26:23:[m[K [01;31m[Kerror: [m[Kâ€˜[01m[Kstd::Node[m[Kâ€™ has not been declared
[6.315s]    26 |     auto node_ = std::[01;31m[KNode[m[K::make_shared("_", options);
[6.315s]       |                       [01;31m[K^~~~[m[K
[7.338s] gmake[2]: *** [CMakeFiles/amr_v4_qt.dir/build.make:158: CMakeFiles/amr_v4_qt.dir/src/main.cpp.o] Error 1
[7.338s] gmake[1]: *** [CMakeFiles/Makefile2:138: CMakeFiles/amr_v4_qt.dir/all] Error 2
[7.338s] gmake: *** [Makefile:146: all] Error 2
[7.340s] Invoked command in '/home/colin/agv_gui/build/amr_v4_qt' returned '2': CMAKE_PREFIX_PATH=${CMAKE_PREFIX_PATH}:/opt/ros/iron /usr/bin/cmake --build /home/colin/agv_gui/build/amr_v4_qt -- -j4 -l4
