[0.026s] Invoking command in '/home/colin/agv_gui/build/amr_v4_qt': CMAKE_PREFIX_PATH=${CMAKE_PREFIX_PATH}:/opt/ros/iron /usr/bin/cmake --build /home/colin/agv_gui/build/amr_v4_qt -- -j4 -l4
[0.200s] [  2%] [34m[1mAutomatic MOC and UIC for target amr_v4_qt[0m
[0.267s] [  2%] Built target amr_v4_qt_autogen
[0.343s] [35m[1mConsolidate compiler generated dependencies of target amr_v4_qt[0m
[0.444s] [  5%] [32mBuilding CXX object CMakeFiles/amr_v4_qt.dir/src/main_gui.cpp.o[0m
[0.457s] [  8%] [32mBuilding CXX object CMakeFiles/amr_v4_qt.dir/src/main.cpp.o[0m
[0.485s] [ 11%] [32mBuilding CXX object CMakeFiles/amr_v4_qt.dir/src/amr_node.cpp.o[0m
[0.497s] [ 14%] [32mBuilding CXX object CMakeFiles/amr_v4_qt.dir/include/moc_main_gui.cpp.o[0m
[19.827s] In file included from [01m[K/home/colin/agv_gui/src/amr_v4_qt/src/amr_node.cpp:1[m[K:
[19.829s] [01m[K/home/colin/agv_gui/src/amr_v4_qt/include/amr_node.h:24:31:[m[K [01;31m[Kerror: [m[Kâ€˜[01m[Kst_msgs[m[Kâ€™ does not name a type
[19.831s]    24 |     void robot_callback(const [01;31m[Kst_msgs[m[K::msg::String::SharedPtr msg);
[19.834s]       |                               [01;31m[K^~~~~~~[m[K
[19.836s] [01m[K/home/colin/agv_gui/src/amr_v4_qt/include/amr_node.h:24:43:[m[K [01;31m[Kerror: [m[Kexpected unqualified-id before â€˜[01m[K::[m[Kâ€™ token
[19.838s]    24 |     void robot_callback(const st_msgs::msg[01;31m[K::[m[KString::SharedPtr msg);
[19.839s]       |                                           [01;31m[K^~[m[K
[19.841s] [01m[K/home/colin/agv_gui/src/amr_v4_qt/include/amr_node.h:24:43:[m[K [01;31m[Kerror: [m[Kexpected â€˜[01m[K)[m[Kâ€™ before â€˜[01m[K::[m[Kâ€™ token
[19.843s]    24 |     void robot_callback[34m[K([m[Kconst st_msgs::msg[01;31m[K:[m[K[32m[K:[m[KString::SharedPtr msg);
[19.845s]       |                        [34m[K~[m[K                  [01;31m[K^[m[K[32m[K~[m[K
[19.847s]       |                                           [32m[K)[m[K
[19.851s] [01m[K/home/colin/agv_gui/src/amr_v4_qt/include/amr_node.h:24:40:[m[K [01;31m[Kerror: [m[Kexpected â€˜[01m[K;[m[Kâ€™ at end of member declaration
[19.868s]    24 |     void robot_callback(const st_msgs::[01;31m[Kmsg[m[K::String::SharedPtr msg);
[19.869s]       |                                        [01;31m[K^~~[m[K
[19.869s]       |                                           [32m[K;[m[K
[19.869s] [01m[K/home/colin/agv_gui/src/amr_v4_qt/include/amr_node.h:24:45:[m[K [01;31m[Kerror: [m[Kâ€˜[01m[KString[m[Kâ€™ in namespace â€˜[01m[K::[m[Kâ€™ does not name a type; did you mean â€˜[01m[KQString[m[Kâ€™?
[19.870s]    24 |     void robot_callback(const st_msgs::msg::[01;31m[KString[m[K::SharedPtr msg);
[19.870s]       |                                             [01;31m[K^~~~~~[m[K
[19.870s]       |                                             [32m[KQString[m[K
[20.121s] [01m[K/home/colin/agv_gui/src/amr_v4_qt/include/amr_node.h:57:38:[m[K [01;31m[Kerror: [m[Kâ€˜[01m[KBool[m[Kâ€™ is not a member of â€˜[01m[Kstd_msgs::msg[m[Kâ€™
[20.122s]    57 |     rclcpp::Publisher<std_msgs::msg::[01;31m[KBool[m[K>::SharedPtr mode_pub_;
[20.122s]       |                                      [01;31m[K^~~~[m[K
[20.122s] [01m[K/home/colin/agv_gui/src/amr_v4_qt/include/amr_node.h:57:42:[m[K [01;31m[Kerror: [m[Ktemplate argument 1 is invalid
[20.122s]    57 |     rclcpp::Publisher<std_msgs::msg::Bool[01;31m[K>[m[K::SharedPtr mode_pub_;
[20.123s]       |                                          [01;31m[K^[m[K
[20.123s] [01m[K/home/colin/agv_gui/src/amr_v4_qt/include/amr_node.h:57:45:[m[K [01;31m[Kerror: [m[Kexpected â€˜[01m[K;[m[Kâ€™ at end of member declaration
[20.123s]    57 |     rclcpp::Publisher<std_msgs::msg::Bool>::[01;31m[KSharedPtr[m[K mode_pub_;
[20.124s]       |                                             [01;31m[K^~~~~~~~~[m[K
[20.124s]       |                                                      [32m[K;[m[K
[20.134s] [01m[K/home/colin/agv_gui/src/amr_v4_qt/include/amr_node.h:57:55:[m[K [01;31m[Kerror: [m[Kâ€˜[01m[Kmode_pub_[m[Kâ€™ does not name a type
[20.134s]    57 |     rclcpp::Publisher<std_msgs::msg::Bool>::SharedPtr [01;31m[Kmode_pub_[m[K;
[20.134s]       |                                                       [01;31m[K^~~~~~~~~[m[K
[20.137s] [01m[K/home/colin/agv_gui/src/amr_v4_qt/src/amr_node.cpp:3:1:[m[K [01;31m[Kerror: [m[Kno declaration matches â€˜[01m[KAmrNode::AmrNode(std::string)[m[Kâ€™
[20.137s]     3 | [01;31m[KAmrNode[m[K::AmrNode(const std::string nodeName)
[20.138s]       | [01;31m[K^~~~~~~[m[K
[20.138s] In file included from [01m[K/home/colin/agv_gui/src/amr_v4_qt/src/amr_node.cpp:1[m[K:
[20.138s] [01m[K/home/colin/agv_gui/src/amr_v4_qt/include/amr_node.h:13:7:[m[K [01;36m[Knote: [m[Kcandidates are: â€˜[01m[KAmrNode::AmrNode(AmrNode&&)[m[Kâ€™
[20.139s]    13 | class [01;36m[KAmrNode[m[K : public QObject, public rclcpp::Node
[20.139s]       |       [01;36m[K^~~~~~~[m[K
[20.139s] [01m[K/home/colin/agv_gui/src/amr_v4_qt/include/amr_node.h:13:7:[m[K [01;36m[Knote: [m[K                â€˜[01m[KAmrNode::AmrNode(const AmrNode&)[m[Kâ€™
[20.139s] [01m[K/home/colin/agv_gui/src/amr_v4_qt/include/amr_node.h:18:14:[m[K [01;36m[Knote: [m[K                â€˜[01m[KAmrNode::AmrNode(const string&)[m[Kâ€™
[20.140s]    18 |     explicit [01;36m[KAmrNode[m[K(const std::string& nodeName);
[20.140s]       |              [01;36m[K^~~~~~~[m[K
[20.140s] [01m[K/home/colin/agv_gui/src/amr_v4_qt/include/amr_node.h:13:7:[m[K [01;36m[Knote: [m[Kâ€˜[01m[Kclass AmrNode[m[Kâ€™ defined here
[20.141s]    13 | class [01;36m[KAmrNode[m[K : public QObject, public rclcpp::Node
[20.141s]       |       [01;36m[K^~~~~~~[m[K
[20.170s] [01m[K/home/colin/agv_gui/src/amr_v4_qt/src/amr_node.cpp:[m[K In member function â€˜[01m[Kvoid AmrNode::lidar_callback(std_msgs::msg::String_<std::allocator<void> >::SharedPtr)[m[Kâ€™:
[20.171s] [01m[K/home/colin/agv_gui/src/amr_v4_qt/src/amr_node.cpp:38:10:[m[K [01;31m[Kerror: [m[Kâ€˜[01m[KchagnedLidar[m[Kâ€™ was not declared in this scope; did you mean â€˜[01m[KchangedLidar[m[Kâ€™?
[20.171s]    38 |     emit [01;31m[KchagnedLidar[m[K(lidar_info);
[20.171s]       |          [01;31m[K^~~~~~~~~~~~[m[K
[20.171s]       |          [32m[KchangedLidar[m[K
[20.181s] [01m[K/home/colin/agv_gui/src/amr_v4_qt/src/amr_node.cpp:[m[K At global scope:
[20.181s] [01m[K/home/colin/agv_gui/src/amr_v4_qt/src/amr_node.cpp:60:6:[m[K [01;31m[Kerror: [m[Kno declaration matches â€˜[01m[Kvoid AmrNode::robot_callback(std_msgs::msg::String_<std::allocator<void> >::SharedPtr)[m[Kâ€™
[20.181s]    60 | void [01;31m[KAmrNode[m[K::robot_callback(const std_msgs::msg::String::SharedPtr msg)
[20.182s]       |      [01;31m[K^~~~~~~[m[K
[20.182s] In file included from [01m[K/home/colin/agv_gui/src/amr_v4_qt/src/amr_node.cpp:1[m[K:
[20.182s] [01m[K/home/colin/agv_gui/src/amr_v4_qt/include/amr_node.h:24:10:[m[K [01;36m[Knote: [m[Kcandidate is: â€˜[01m[Kvoid AmrNode::robot_callback(...)[m[Kâ€™
[20.182s]    24 |     void [01;36m[Krobot_callback[m[K(const st_msgs::msg::String::SharedPtr msg);
[20.182s]       |          [01;36m[K^~~~~~~~~~~~~~[m[K
[20.182s] [01m[K/home/colin/agv_gui/src/amr_v4_qt/include/amr_node.h:13:7:[m[K [01;36m[Knote: [m[Kâ€˜[01m[Kclass AmrNode[m[Kâ€™ defined here
[20.182s]    13 | class [01;36m[KAmrNode[m[K : public QObject, public rclcpp::Node
[20.182s]       |       [01;36m[K^~~~~~~[m[K
[20.188s] [01m[K/home/colin/agv_gui/src/amr_v4_qt/src/amr_node.cpp:[m[K In member function â€˜[01m[Kvoid AmrNode::mode_callback(bool)[m[Kâ€™:
[20.188s] [01m[K/home/colin/agv_gui/src/amr_v4_qt/src/amr_node.cpp:68:35:[m[K [01;31m[Kerror: [m[Kâ€˜[01m[KBool[m[Kâ€™ is not a member of â€˜[01m[Kstd_msgs::msg[m[Kâ€™
[20.188s]    68 |     auto message = std_msgs::msg::[01;31m[KBool[m[K();
[20.188s]       |                                   [01;31m[K^~~~[m[K
[20.209s] [01m[K/home/colin/agv_gui/src/amr_v4_qt/src/amr_node.cpp:70:5:[m[K [01;31m[Kerror: [m[Kâ€˜[01m[Kmode_pub_[m[Kâ€™ was not declared in this scope
[20.209s]    70 |     [01;31m[Kmode_pub_[m[K->publish(message);
[20.210s]       |     [01;31m[K^~~~~~~~~[m[K
[21.705s] In file included from [01m[K/home/colin/agv_gui/src/amr_v4_qt/include/main_gui.h:19[m[K,
[21.705s]                  from [01m[K/home/colin/agv_gui/src/amr_v4_qt/src/main_gui.cpp:1[m[K:
[21.705s] [01m[K/home/colin/agv_gui/src/amr_v4_qt/include/amr_node.h:24:31:[m[K [01;31m[Kerror: [m[Kâ€˜[01m[Kst_msgs[m[Kâ€™ does not name a type
[21.706s]    24 |     void robot_callback(const [01;31m[Kst_msgs[m[K::msg::String::SharedPtr msg);
[21.706s]       |                               [01;31m[K^~~~~~~[m[K
[21.706s] [01m[K/home/colin/agv_gui/src/amr_v4_qt/include/amr_node.h:24:43:[m[K [01;31m[Kerror: [m[Kexpected unqualified-id before â€˜[01m[K::[m[Kâ€™ token
[21.706s]    24 |     void robot_callback(const st_msgs::msg[01;31m[K::[m[KString::SharedPtr msg);
[21.706s]       |                                           [01;31m[K^~[m[K
[21.707s] [01m[K/home/colin/agv_gui/src/amr_v4_qt/include/amr_node.h:24:43:[m[K [01;31m[Kerror: [m[Kexpected â€˜[01m[K)[m[Kâ€™ before â€˜[01m[K::[m[Kâ€™ token
[21.707s]    24 |     void robot_callback[34m[K([m[Kconst st_msgs::msg[01;31m[K:[m[K[32m[K:[m[KString::SharedPtr msg);
[21.707s]       |                        [34m[K~[m[K                  [01;31m[K^[m[K[32m[K~[m[K
[21.707s]       |                                           [32m[K)[m[K
[21.707s] [01m[K/home/colin/agv_gui/src/amr_v4_qt/include/amr_node.h:24:40:[m[K [01;31m[Kerror: [m[Kexpected â€˜[01m[K;[m[Kâ€™ at end of member declaration
[21.707s]    24 |     void robot_callback(const st_msgs::[01;31m[Kmsg[m[K::String::SharedPtr msg);
[21.707s]       |                                        [01;31m[K^~~[m[K
[21.708s]       |                                           [32m[K;[m[K
[21.714s] [01m[K/home/colin/agv_gui/src/amr_v4_qt/include/amr_node.h:24:45:[m[K [01;31m[Kerror: [m[Kâ€˜[01m[KString[m[Kâ€™ in namespace â€˜[01m[K::[m[Kâ€™ does not name a type; did you mean â€˜[01m[KQString[m[Kâ€™?
[21.714s]    24 |     void robot_callback(const st_msgs::msg::[01;31m[KString[m[K::SharedPtr msg);
[21.715s]       |                                             [01;31m[K^~~~~~[m[K
[21.715s]       |                                             [32m[KQString[m[K
[21.981s] [01m[K/home/colin/agv_gui/src/amr_v4_qt/include/amr_node.h:57:38:[m[K [01;31m[Kerror: [m[Kâ€˜[01m[KBool[m[Kâ€™ is not a member of â€˜[01m[Kstd_msgs::msg[m[Kâ€™
[21.981s]    57 |     rclcpp::Publisher<std_msgs::msg::[01;31m[KBool[m[K>::SharedPtr mode_pub_;
[21.981s]       |                                      [01;31m[K^~~~[m[K
[21.982s] [01m[K/home/colin/agv_gui/src/amr_v4_qt/include/amr_node.h:57:42:[m[K [01;31m[Kerror: [m[Ktemplate argument 1 is invalid
[21.982s]    57 |     rclcpp::Publisher<std_msgs::msg::Bool[01;31m[K>[m[K::SharedPtr mode_pub_;
[21.982s]       |                                          [01;31m[K^[m[K
[21.982s] [01m[K/home/colin/agv_gui/src/amr_v4_qt/include/amr_node.h:57:45:[m[K [01;31m[Kerror: [m[Kexpected â€˜[01m[K;[m[Kâ€™ at end of member declaration
[21.983s]    57 |     rclcpp::Publisher<std_msgs::msg::Bool>::[01;31m[KSharedPtr[m[K mode_pub_;
[21.983s]       |                                             [01;31m[K^~~~~~~~~[m[K
[21.983s]       |                                                      [32m[K;[m[K
[21.987s] [01m[K/home/colin/agv_gui/src/amr_v4_qt/include/amr_node.h:57:55:[m[K [01;31m[Kerror: [m[Kâ€˜[01m[Kmode_pub_[m[Kâ€™ does not name a type
[21.987s]    57 |     rclcpp::Publisher<std_msgs::msg::Bool>::SharedPtr [01;31m[Kmode_pub_[m[K;
[21.987s]       |                                                       [01;31m[K^~~~~~~~~[m[K
[22.113s] In file included from [01m[K/home/colin/agv_gui/src/amr_v4_qt/include/main_gui.h:19[m[K,
[22.113s]                  from [01m[K/home/colin/agv_gui/src/amr_v4_qt/src/main.cpp:4[m[K:
[22.113s] [01m[K/home/colin/agv_gui/src/amr_v4_qt/include/amr_node.h:24:31:[m[K [01;31m[Kerror: [m[Kâ€˜[01m[Kst_msgs[m[Kâ€™ does not name a type
[22.113s]    24 |     void robot_callback(const [01;31m[Kst_msgs[m[K::msg::String::SharedPtr msg);
[22.114s]       |                               [01;31m[K^~~~~~~[m[K
[22.114s] [01m[K/home/colin/agv_gui/src/amr_v4_qt/include/amr_node.h:24:43:[m[K [01;31m[Kerror: [m[Kexpected unqualified-id before â€˜[01m[K::[m[Kâ€™ token
[22.114s]    24 |     void robot_callback(const st_msgs::msg[01;31m[K::[m[KString::SharedPtr msg);
[22.114s]       |                                           [01;31m[K^~[m[K
[22.114s] [01m[K/home/colin/agv_gui/src/amr_v4_qt/include/amr_node.h:24:43:[m[K [01;31m[Kerror: [m[Kexpected â€˜[01m[K)[m[Kâ€™ before â€˜[01m[K::[m[Kâ€™ token
[22.114s]    24 |     void robot_callback[34m[K([m[Kconst st_msgs::msg[01;31m[K:[m[K[32m[K:[m[KString::SharedPtr msg);
[22.114s]       |                        [34m[K~[m[K                  [01;31m[K^[m[K[32m[K~[m[K
[22.115s]       |                                           [32m[K)[m[K
[22.115s] [01m[K/home/colin/agv_gui/src/amr_v4_qt/include/amr_node.h:24:40:[m[K [01;31m[Kerror: [m[Kexpected â€˜[01m[K;[m[Kâ€™ at end of member declaration
[22.115s]    24 |     void robot_callback(const st_msgs::[01;31m[Kmsg[m[K::String::SharedPtr msg);
[22.115s]       |                                        [01;31m[K^~~[m[K
[22.115s]       |                                           [32m[K;[m[K
[22.122s] [01m[K/home/colin/agv_gui/src/amr_v4_qt/include/amr_node.h:24:45:[m[K [01;31m[Kerror: [m[Kâ€˜[01m[KString[m[Kâ€™ in namespace â€˜[01m[K::[m[Kâ€™ does not name a type; did you mean â€˜[01m[KQString[m[Kâ€™?
[22.122s]    24 |     void robot_callback(const st_msgs::msg::[01;31m[KString[m[K::SharedPtr msg);
[22.122s]       |                                             [01;31m[K^~~~~~[m[K
[22.122s]       |                                             [32m[KQString[m[K
[22.222s] [01m[K/home/colin/agv_gui/src/amr_v4_qt/src/main_gui.cpp:[m[K In constructor â€˜[01m[KMainGui::MainGui(std::shared_ptr<AmrNode>, QWidget*)[m[Kâ€™:
[22.223s] [01m[K/home/colin/agv_gui/src/amr_v4_qt/src/main_gui.cpp:66:39:[m[K [01;31m[Kerror: [m[Kâ€˜[01m[KchangedMode[m[Kâ€™ is not a member of â€˜[01m[KAmrNode[m[Kâ€™
[22.223s]    66 |     connect(amr_node.get(), &AmrNode::[01;31m[KchangedMode[m[K, this, &MainGui::updateMode);
[22.223s]       |                                       [01;31m[K^~~~~~~~~~~[m[K
[22.223s] [01m[K/home/colin/agv_gui/src/amr_v4_qt/src/main_gui.cpp:67:39:[m[K [01;31m[Kerror: [m[Kâ€˜[01m[KchangedStatus[m[Kâ€™ is not a member of â€˜[01m[KAmrNode[m[Kâ€™
[22.223s]    67 |     connect(amr_node.get(), &AmrNode::[01;31m[KchangedStatus[m[K, this, &MainGui::updateRobot);
[22.223s]       |                                       [01;31m[K^~~~~~~~~~~~~[m[K
[22.252s] [01m[K/home/colin/agv_gui/src/amr_v4_qt/src/main_gui.cpp:[m[K In member function â€˜[01m[Kvoid MainGui::onModeSwitched()[m[Kâ€™:
[22.253s] [01m[K/home/colin/agv_gui/src/amr_v4_qt/src/main_gui.cpp:103:5:[m[K [01;31m[Kerror: [m[Kâ€˜[01m[KmodeNode[m[Kâ€™ was not declared in this scope
[22.253s]   103 |     [01;31m[KmodeNode[m[K->mode_callback(driveMode);
[22.253s]       |     [01;31m[K^~~~~~~~[m[K
[22.255s] [01m[K/home/colin/agv_gui/src/amr_v4_qt/src/main_gui.cpp:[m[K In member function â€˜[01m[Kint MainGui::getWifiSignalStrength()[m[Kâ€™:
[22.256s] [01m[K/home/colin/agv_gui/src/amr_v4_qt/src/main_gui.cpp:159:18:[m[K [01;35m[Kwarning: [m[Kâ€˜[01m[Kvoid QProcess::start(const QString&, QIODevice::OpenMode)[m[Kâ€™ is deprecated: Use QProcess::start(const QString &program, const QStringList &arguments,OpenMode mode = ReadWrite) instead [[01;35m[K]8;;https://gcc.gnu.org/onlinedocs/gcc/Warning-Options.html#index-Wdeprecated-declarations-Wdeprecated-declarations]8;;[m[K]
[22.256s]   159 |     [01;35m[Kprocess.start("iwconfig")[m[K;
[22.256s]       |     [01;35m[K~~~~~~~~~~~~~^~~~~~~~~~~~[m[K
[22.256s] In file included from [01m[K/usr/include/x86_64-linux-gnu/qt5/QtCore/QProcess:1[m[K,
[22.256s]                  from [01m[K/home/colin/agv_gui/src/amr_v4_qt/src/main_gui.cpp:5[m[K:
[22.256s] [01m[K/usr/include/x86_64-linux-gnu/qt5/QtCore/qprocess.h:168:10:[m[K [01;36m[Knote: [m[Kdeclared here
[22.257s]   168 |     void [01;36m[Kstart[m[K(const QString &command, OpenMode mode = ReadWrite);
[22.257s]       |          [01;36m[K^~~~~[m[K
[22.330s] In file included from [01m[K/home/colin/agv_gui/build/amr_v4_qt/include/../../../src/amr_v4_qt/include/main_gui.h:19[m[K,
[22.330s]                  from [01m[K/home/colin/agv_gui/build/amr_v4_qt/include/moc_main_gui.cpp:10[m[K:
[22.330s] [01m[K/home/colin/agv_gui/build/amr_v4_qt/include/../../../src/amr_v4_qt/include/amr_node.h:24:31:[m[K [01;31m[Kerror: [m[Kâ€˜[01m[Kst_msgs[m[Kâ€™ does not name a type
[22.331s]    24 |     void robot_callback(const [01;31m[Kst_msgs[m[K::msg::String::SharedPtr msg);
[22.331s]       |                               [01;31m[K^~~~~~~[m[K
[22.331s] [01m[K/home/colin/agv_gui/build/amr_v4_qt/include/../../../src/amr_v4_qt/include/amr_node.h:24:43:[m[K [01;31m[Kerror: [m[Kexpected unqualified-id before â€˜[01m[K::[m[Kâ€™ token
[22.331s]    24 |     void robot_callback(const st_msgs::msg[01;31m[K::[m[KString::SharedPtr msg);
[22.332s]       |                                           [01;31m[K^~[m[K
[22.332s] [01m[K/home/colin/agv_gui/build/amr_v4_qt/include/../../../src/amr_v4_qt/include/amr_node.h:24:43:[m[K [01;31m[Kerror: [m[Kexpected â€˜[01m[K)[m[Kâ€™ before â€˜[01m[K::[m[Kâ€™ token
[22.332s]    24 |     void robot_callback[34m[K([m[Kconst st_msgs::msg[01;31m[K:[m[K[32m[K:[m[KString::SharedPtr msg);
[22.332s]       |                        [34m[K~[m[K                  [01;31m[K^[m[K[32m[K~[m[K
[22.333s]       |                                           [32m[K)[m[K
[22.333s] [01m[K/home/colin/agv_gui/build/amr_v4_qt/include/../../../src/amr_v4_qt/include/amr_node.h:24:40:[m[K [01;31m[Kerror: [m[Kexpected â€˜[01m[K;[m[Kâ€™ at end of member declaration
[22.333s]    24 |     void robot_callback(const st_msgs::[01;31m[Kmsg[m[K::String::SharedPtr msg);
[22.333s]       |                                        [01;31m[K^~~[m[K
[22.334s]       |                                           [32m[K;[m[K
[22.335s] [01m[K/home/colin/agv_gui/build/amr_v4_qt/include/../../../src/amr_v4_qt/include/amr_node.h:24:45:[m[K [01;31m[Kerror: [m[Kâ€˜[01m[KString[m[Kâ€™ in namespace â€˜[01m[K::[m[Kâ€™ does not name a type; did you mean â€˜[01m[KQString[m[Kâ€™?
[22.335s]    24 |     void robot_callback(const st_msgs::msg::[01;31m[KString[m[K::SharedPtr msg);
[22.336s]       |                                             [01;31m[K^~~~~~[m[K
[22.336s]       |                                             [32m[KQString[m[K
[22.406s] [01m[K/home/colin/agv_gui/src/amr_v4_qt/include/amr_node.h:57:38:[m[K [01;31m[Kerror: [m[Kâ€˜[01m[KBool[m[Kâ€™ is not a member of â€˜[01m[Kstd_msgs::msg[m[Kâ€™
[22.406s]    57 |     rclcpp::Publisher<std_msgs::msg::[01;31m[KBool[m[K>::SharedPtr mode_pub_;
[22.406s]       |                                      [01;31m[K^~~~[m[K
[22.406s] [01m[K/home/colin/agv_gui/src/amr_v4_qt/include/amr_node.h:57:42:[m[K [01;31m[Kerror: [m[Ktemplate argument 1 is invalid
[22.406s]    57 |     rclcpp::Publisher<std_msgs::msg::Bool[01;31m[K>[m[K::SharedPtr mode_pub_;
[22.407s]       |                                          [01;31m[K^[m[K
[22.407s] [01m[K/home/colin/agv_gui/src/amr_v4_qt/include/amr_node.h:57:45:[m[K [01;31m[Kerror: [m[Kexpected â€˜[01m[K;[m[Kâ€™ at end of member declaration
[22.407s]    57 |     rclcpp::Publisher<std_msgs::msg::Bool>::[01;31m[KSharedPtr[m[K mode_pub_;
[22.407s]       |                                             [01;31m[K^~~~~~~~~[m[K
[22.407s]       |                                                      [32m[K;[m[K
[22.415s] [01m[K/home/colin/agv_gui/src/amr_v4_qt/include/amr_node.h:57:55:[m[K [01;31m[Kerror: [m[Kâ€˜[01m[Kmode_pub_[m[Kâ€™ does not name a type
[22.415s]    57 |     rclcpp::Publisher<std_msgs::msg::Bool>::SharedPtr [01;31m[Kmode_pub_[m[K;
[22.415s]       |                                                       [01;31m[K^~~~~~~~~[m[K
[22.624s] [01m[K/home/colin/agv_gui/src/amr_v4_qt/src/main.cpp:[m[K In function â€˜[01m[Kint main(int, char**)[m[Kâ€™:
[22.624s] [01m[K/home/colin/agv_gui/src/amr_v4_qt/src/main.cpp:29:26:[m[K [01;31m[Kerror: [m[Kâ€˜[01m[KMakeShared[m[Kâ€™ is not a member of â€˜[01m[Kstd[m[Kâ€™; did you mean â€˜[01m[Kmake_shared[m[Kâ€™?
[22.625s]    29 |     auto amrNode_ = std::[01;31m[KMakeShared[m[K<AmrNode>("amr_node");
[22.625s]       |                          [01;31m[K^~~~~~~~~~[m[K
[22.625s]       |                          [32m[Kmake_shared[m[K
[22.625s] [01m[K/home/colin/agv_gui/src/amr_v4_qt/src/main.cpp:29:44:[m[K [01;31m[Kerror: [m[Kexpected primary-expression before â€˜[01m[K>[m[Kâ€™ token
[22.626s]    29 |     auto amrNode_ = std::MakeShared<AmrNode[01;31m[K>[m[K("amr_node");
[22.626s]       |                                            [01;31m[K^[m[K
[22.656s] [01m[K/home/colin/agv_gui/build/amr_v4_qt/include/../../../src/amr_v4_qt/include/amr_node.h:57:38:[m[K [01;31m[Kerror: [m[Kâ€˜[01m[KBool[m[Kâ€™ is not a member of â€˜[01m[Kstd_msgs::msg[m[Kâ€™
[22.657s]    57 |     rclcpp::Publisher<std_msgs::msg::[01;31m[KBool[m[K>::SharedPtr mode_pub_;
[22.657s]       |                                      [01;31m[K^~~~[m[K
[22.658s] [01m[K/home/colin/agv_gui/build/amr_v4_qt/include/../../../src/amr_v4_qt/include/amr_node.h:57:42:[m[K [01;31m[Kerror: [m[Ktemplate argument 1 is invalid
[22.658s]    57 |     rclcpp::Publisher<std_msgs::msg::Bool[01;31m[K>[m[K::SharedPtr mode_pub_;
[22.658s]       |                                          [01;31m[K^[m[K
[22.659s] [01m[K/home/colin/agv_gui/build/amr_v4_qt/include/../../../src/amr_v4_qt/include/amr_node.h:57:45:[m[K [01;31m[Kerror: [m[Kexpected â€˜[01m[K;[m[Kâ€™ at end of member declaration
[22.659s]    57 |     rclcpp::Publisher<std_msgs::msg::Bool>::[01;31m[KSharedPtr[m[K mode_pub_;
[22.659s]       |                                             [01;31m[K^~~~~~~~~[m[K
[22.659s]       |                                                      [32m[K;[m[K
[22.661s] [01m[K/home/colin/agv_gui/build/amr_v4_qt/include/../../../src/amr_v4_qt/include/amr_node.h:57:55:[m[K [01;31m[Kerror: [m[Kâ€˜[01m[Kmode_pub_[m[Kâ€™ does not name a type
[22.661s]    57 |     rclcpp::Publisher<std_msgs::msg::Bool>::SharedPtr [01;31m[Kmode_pub_[m[K;
[22.661s]       |                                                       [01;31m[K^~~~~~~~~[m[K
[23.037s] gmake[2]: *** [CMakeFiles/amr_v4_qt.dir/build.make:236: CMakeFiles/amr_v4_qt.dir/src/amr_node.cpp.o] Error 1
[23.037s] gmake[2]: *** Waiting for unfinished jobs....
[24.128s] gmake[2]: *** [CMakeFiles/amr_v4_qt.dir/build.make:152: CMakeFiles/amr_v4_qt.dir/src/main_gui.cpp.o] Error 1
[24.377s] gmake[2]: *** [CMakeFiles/amr_v4_qt.dir/build.make:138: CMakeFiles/amr_v4_qt.dir/src/main.cpp.o] Error 1
[24.404s] gmake[2]: *** [CMakeFiles/amr_v4_qt.dir/build.make:250: CMakeFiles/amr_v4_qt.dir/include/moc_main_gui.cpp.o] Error 1
[24.405s] gmake[1]: *** [CMakeFiles/Makefile2:138: CMakeFiles/amr_v4_qt.dir/all] Error 2
[24.405s] gmake: *** [Makefile:146: all] Error 2
[24.411s] Invoked command in '/home/colin/agv_gui/build/amr_v4_qt' returned '2': CMAKE_PREFIX_PATH=${CMAKE_PREFIX_PATH}:/opt/ros/iron /usr/bin/cmake --build /home/colin/agv_gui/build/amr_v4_qt -- -j4 -l4
