[01m[K/home/colin/agv_gui/src/amr_v4_qt/src/main_gui.cpp:[m[K In member function â€˜[01m[Kint MainGui::getWifiSignalStrength()[m[Kâ€™:
[01m[K/home/colin/agv_gui/src/amr_v4_qt/src/main_gui.cpp:155:18:[m[K [01;35m[Kwarning: [m[Kâ€˜[01m[Kvoid QProcess::start(const QString&, QIODevice::OpenMode)[m[Kâ€™ is deprecated: Use QProcess::start(const QString &program, const QStringList &arguments,OpenMode mode = ReadWrite) instead [[01;35m[K]8;;https://gcc.gnu.org/onlinedocs/gcc/Warning-Options.html#index-Wdeprecated-declarations-Wdeprecated-declarations]8;;[m[K]
  155 |     [01;35m[Kprocess.start("iwconfig")[m[K;
      |     [01;35m[K~~~~~~~~~~~~~^~~~~~~~~~~~[m[K
In file included from [01m[K/usr/include/x86_64-linux-gnu/qt5/QtCore/QProcess:1[m[K,
                 from [01m[K/home/colin/agv_gui/src/amr_v4_qt/src/main_gui.cpp:5[m[K:
[01m[K/usr/include/x86_64-linux-gnu/qt5/QtCore/qprocess.h:168:10:[m[K [01;36m[Knote: [m[Kdeclared here
  168 |     void [01;36m[Kstart[m[K(const QString &command, OpenMode mode = ReadWrite);
      |          [01;36m[K^~~~~[m[K
/usr/bin/ld: CMakeFiles/amr_v4_qt.dir/src/main.cpp.o: in function `void __gnu_cxx::new_allocator<EstopPublisher>::construct<EstopPublisher, char const (&) [16]>(EstopPublisher*, char const (&) [16])':
main.cpp:(.text._ZN9__gnu_cxx13new_allocatorI14EstopPublisherE9constructIS1_JRA16_KcEEEvPT_DpOT0_[_ZN9__gnu_cxx13new_allocatorI14EstopPublisherE9constructIS1_JRA16_KcEEEvPT_DpOT0_]+0x79): undefined reference to `EstopPublisher::EstopPublisher(std::__cxx11::basic_string<char, std::char_traits<char>, std::allocator<char> > const&)'
/usr/bin/ld: CMakeFiles/amr_v4_qt.dir/src/main_gui.cpp.o: in function `MainGui::MainGui(std::shared_ptr<BatterySub>, std::shared_ptr<RobotSub>, std::shared_ptr<MotorSub>, std::shared_ptr<HealthSub>, std::shared_ptr<RunningSub>, std::shared_ptr<EstopPublisher>, QWidget*)':
main_gui.cpp:(.text+0x6e1): undefined reference to `EstopPublisher::topic_callback()'
collect2: error: ld returned 1 exit status
gmake[2]: *** [CMakeFiles/amr_v4_qt.dir/build.make:839: amr_v4_qt] Error 1
gmake[1]: *** [CMakeFiles/Makefile2:138: CMakeFiles/amr_v4_qt.dir/all] Error 2
gmake: *** [Makefile:146: all] Error 2
