[  2%] [34m[1mAutomatic MOC and UIC for target amr_v4_qt[0m
[  2%] Built target amr_v4_qt_autogen
[35m[1mConsolidate compiler generated dependencies of target amr_v4_qt[0m
[  5%] [32mBuilding CXX object CMakeFiles/amr_v4_qt.dir/src/main.cpp.o[0m
[  8%] [32mBuilding CXX object CMakeFiles/amr_v4_qt.dir/src/main_gui.cpp.o[0m
[ 11%] [32mBuilding CXX object CMakeFiles/amr_v4_qt.dir/include/moc_main_gui.cpp.o[0m
[ 14%] [32mBuilding CXX object CMakeFiles/amr_v4_qt.dir/src/amr_node.cpp.o[0m
In file included from [01m[K/home/colin/agv_gui/src/amr_v4_qt/src/amr_node.cpp:1[m[K:
[01m[K/home/colin/agv_gui/src/amr_v4_qt/include/amr_node.h:24:31:[m[K [01;31m[Kerror: [m[Kâ€˜[01m[Kst_msgs[m[Kâ€™ does not name a type
   24 |     void robot_callback(const [01;31m[Kst_msgs[m[K::msg::String::SharedPtr msg);
      |                               [01;31m[K^~~~~~~[m[K
[01m[K/home/colin/agv_gui/src/amr_v4_qt/include/amr_node.h:24:43:[m[K [01;31m[Kerror: [m[Kexpected unqualified-id before â€˜[01m[K::[m[Kâ€™ token
   24 |     void robot_callback(const st_msgs::msg[01;31m[K::[m[KString::SharedPtr msg);
      |                                           [01;31m[K^~[m[K
[01m[K/home/colin/agv_gui/src/amr_v4_qt/include/amr_node.h:24:43:[m[K [01;31m[Kerror: [m[Kexpected â€˜[01m[K)[m[Kâ€™ before â€˜[01m[K::[m[Kâ€™ token
   24 |     void robot_callback[34m[K([m[Kconst st_msgs::msg[01;31m[K:[m[K[32m[K:[m[KString::SharedPtr msg);
      |                        [34m[K~[m[K                  [01;31m[K^[m[K[32m[K~[m[K
      |                                           [32m[K)[m[K
[01m[K/home/colin/agv_gui/src/amr_v4_qt/include/amr_node.h:24:40:[m[K [01;31m[Kerror: [m[Kexpected â€˜[01m[K;[m[Kâ€™ at end of member declaration
   24 |     void robot_callback(const st_msgs::[01;31m[Kmsg[m[K::String::SharedPtr msg);
      |                                        [01;31m[K^~~[m[K
      |                                           [32m[K;[m[K
[01m[K/home/colin/agv_gui/src/amr_v4_qt/include/amr_node.h:24:45:[m[K [01;31m[Kerror: [m[Kâ€˜[01m[KString[m[Kâ€™ in namespace â€˜[01m[K::[m[Kâ€™ does not name a type; did you mean â€˜[01m[KQString[m[Kâ€™?
   24 |     void robot_callback(const st_msgs::msg::[01;31m[KString[m[K::SharedPtr msg);
      |                                             [01;31m[K^~~~~~[m[K
      |                                             [32m[KQString[m[K
[01m[K/home/colin/agv_gui/src/amr_v4_qt/include/amr_node.h:57:38:[m[K [01;31m[Kerror: [m[Kâ€˜[01m[KBool[m[Kâ€™ is not a member of â€˜[01m[Kstd_msgs::msg[m[Kâ€™
   57 |     rclcpp::Publisher<std_msgs::msg::[01;31m[KBool[m[K>::SharedPtr mode_pub_;
      |                                      [01;31m[K^~~~[m[K
[01m[K/home/colin/agv_gui/src/amr_v4_qt/include/amr_node.h:57:42:[m[K [01;31m[Kerror: [m[Ktemplate argument 1 is invalid
   57 |     rclcpp::Publisher<std_msgs::msg::Bool[01;31m[K>[m[K::SharedPtr mode_pub_;
      |                                          [01;31m[K^[m[K
[01m[K/home/colin/agv_gui/src/amr_v4_qt/include/amr_node.h:57:45:[m[K [01;31m[Kerror: [m[Kexpected â€˜[01m[K;[m[Kâ€™ at end of member declaration
   57 |     rclcpp::Publisher<std_msgs::msg::Bool>::[01;31m[KSharedPtr[m[K mode_pub_;
      |                                             [01;31m[K^~~~~~~~~[m[K
      |                                                      [32m[K;[m[K
[01m[K/home/colin/agv_gui/src/amr_v4_qt/include/amr_node.h:57:55:[m[K [01;31m[Kerror: [m[Kâ€˜[01m[Kmode_pub_[m[Kâ€™ does not name a type
   57 |     rclcpp::Publisher<std_msgs::msg::Bool>::SharedPtr [01;31m[Kmode_pub_[m[K;
      |                                                       [01;31m[K^~~~~~~~~[m[K
[01m[K/home/colin/agv_gui/src/amr_v4_qt/src/amr_node.cpp:3:1:[m[K [01;31m[Kerror: [m[Kno declaration matches â€˜[01m[KAmrNode::AmrNode(std::string)[m[Kâ€™
    3 | [01;31m[KAmrNode[m[K::AmrNode(const std::string nodeName)
      | [01;31m[K^~~~~~~[m[K
In file included from [01m[K/home/colin/agv_gui/src/amr_v4_qt/src/amr_node.cpp:1[m[K:
[01m[K/home/colin/agv_gui/src/amr_v4_qt/include/amr_node.h:13:7:[m[K [01;36m[Knote: [m[Kcandidates are: â€˜[01m[KAmrNode::AmrNode(AmrNode&&)[m[Kâ€™
   13 | class [01;36m[KAmrNode[m[K : public QObject, public rclcpp::Node
      |       [01;36m[K^~~~~~~[m[K
[01m[K/home/colin/agv_gui/src/amr_v4_qt/include/amr_node.h:13:7:[m[K [01;36m[Knote: [m[K                â€˜[01m[KAmrNode::AmrNode(const AmrNode&)[m[Kâ€™
[01m[K/home/colin/agv_gui/src/amr_v4_qt/include/amr_node.h:18:14:[m[K [01;36m[Knote: [m[K                â€˜[01m[KAmrNode::AmrNode(const string&)[m[Kâ€™
   18 |     explicit [01;36m[KAmrNode[m[K(const std::string& nodeName);
      |              [01;36m[K^~~~~~~[m[K
[01m[K/home/colin/agv_gui/src/amr_v4_qt/include/amr_node.h:13:7:[m[K [01;36m[Knote: [m[Kâ€˜[01m[Kclass AmrNode[m[Kâ€™ defined here
   13 | class [01;36m[KAmrNode[m[K : public QObject, public rclcpp::Node
      |       [01;36m[K^~~~~~~[m[K
[01m[K/home/colin/agv_gui/src/amr_v4_qt/src/amr_node.cpp:[m[K In member function â€˜[01m[Kvoid AmrNode::lidar_callback(std_msgs::msg::String_<std::allocator<void> >::SharedPtr)[m[Kâ€™:
[01m[K/home/colin/agv_gui/src/amr_v4_qt/src/amr_node.cpp:38:10:[m[K [01;31m[Kerror: [m[Kâ€˜[01m[KchagnedLidar[m[Kâ€™ was not declared in this scope; did you mean â€˜[01m[KchangedLidar[m[Kâ€™?
   38 |     emit [01;31m[KchagnedLidar[m[K(lidar_info);
      |          [01;31m[K^~~~~~~~~~~~[m[K
      |          [32m[KchangedLidar[m[K
[01m[K/home/colin/agv_gui/src/amr_v4_qt/src/amr_node.cpp:[m[K At global scope:
[01m[K/home/colin/agv_gui/src/amr_v4_qt/src/amr_node.cpp:60:6:[m[K [01;31m[Kerror: [m[Kno declaration matches â€˜[01m[Kvoid AmrNode::robot_callback(std_msgs::msg::String_<std::allocator<void> >::SharedPtr)[m[Kâ€™
   60 | void [01;31m[KAmrNode[m[K::robot_callback(const std_msgs::msg::String::SharedPtr msg)
      |      [01;31m[K^~~~~~~[m[K
In file included from [01m[K/home/colin/agv_gui/src/amr_v4_qt/src/amr_node.cpp:1[m[K:
[01m[K/home/colin/agv_gui/src/amr_v4_qt/include/amr_node.h:24:10:[m[K [01;36m[Knote: [m[Kcandidate is: â€˜[01m[Kvoid AmrNode::robot_callback(...)[m[Kâ€™
   24 |     void [01;36m[Krobot_callback[m[K(const st_msgs::msg::String::SharedPtr msg);
      |          [01;36m[K^~~~~~~~~~~~~~[m[K
[01m[K/home/colin/agv_gui/src/amr_v4_qt/include/amr_node.h:13:7:[m[K [01;36m[Knote: [m[Kâ€˜[01m[Kclass AmrNode[m[Kâ€™ defined here
   13 | class [01;36m[KAmrNode[m[K : public QObject, public rclcpp::Node
      |       [01;36m[K^~~~~~~[m[K
[01m[K/home/colin/agv_gui/src/amr_v4_qt/src/amr_node.cpp:[m[K In member function â€˜[01m[Kvoid AmrNode::mode_callback(bool)[m[Kâ€™:
[01m[K/home/colin/agv_gui/src/amr_v4_qt/src/amr_node.cpp:68:35:[m[K [01;31m[Kerror: [m[Kâ€˜[01m[KBool[m[Kâ€™ is not a member of â€˜[01m[Kstd_msgs::msg[m[Kâ€™
   68 |     auto message = std_msgs::msg::[01;31m[KBool[m[K();
      |                                   [01;31m[K^~~~[m[K
[01m[K/home/colin/agv_gui/src/amr_v4_qt/src/amr_node.cpp:70:5:[m[K [01;31m[Kerror: [m[Kâ€˜[01m[Kmode_pub_[m[Kâ€™ was not declared in this scope
   70 |     [01;31m[Kmode_pub_[m[K->publish(message);
      |     [01;31m[K^~~~~~~~~[m[K
In file included from [01m[K/home/colin/agv_gui/build/amr_v4_qt/include/../../../src/amr_v4_qt/include/main_gui.h:19[m[K,
                 from [01m[K/home/colin/agv_gui/build/amr_v4_qt/include/moc_main_gui.cpp:10[m[K:
[01m[K/home/colin/agv_gui/build/amr_v4_qt/include/../../../src/amr_v4_qt/include/amr_node.h:24:31:[m[K [01;31m[Kerror: [m[Kâ€˜[01m[Kst_msgs[m[Kâ€™ does not name a type
   24 |     void robot_callback(const [01;31m[Kst_msgs[m[K::msg::String::SharedPtr msg);
      |                               [01;31m[K^~~~~~~[m[K
[01m[K/home/colin/agv_gui/build/amr_v4_qt/include/../../../src/amr_v4_qt/include/amr_node.h:24:43:[m[K [01;31m[Kerror: [m[Kexpected unqualified-id before â€˜[01m[K::[m[Kâ€™ token
   24 |     void robot_callback(const st_msgs::msg[01;31m[K::[m[KString::SharedPtr msg);
      |                                           [01;31m[K^~[m[K
[01m[K/home/colin/agv_gui/build/amr_v4_qt/include/../../../src/amr_v4_qt/include/amr_node.h:24:43:[m[K [01;31m[Kerror: [m[Kexpected â€˜[01m[K)[m[Kâ€™ before â€˜[01m[K::[m[Kâ€™ token
   24 |     void robot_callback[34m[K([m[Kconst st_msgs::msg[01;31m[K:[m[K[32m[K:[m[KString::SharedPtr msg);
      |                        [34m[K~[m[K                  [01;31m[K^[m[K[32m[K~[m[K
      |                                           [32m[K)[m[K
[01m[K/home/colin/agv_gui/build/amr_v4_qt/include/../../../src/amr_v4_qt/include/amr_node.h:24:40:[m[K [01;31m[Kerror: [m[Kexpected â€˜[01m[K;[m[Kâ€™ at end of member declaration
   24 |     void robot_callback(const st_msgs::[01;31m[Kmsg[m[K::String::SharedPtr msg);
      |                                        [01;31m[K^~~[m[K
      |                                           [32m[K;[m[K
[01m[K/home/colin/agv_gui/build/amr_v4_qt/include/../../../src/amr_v4_qt/include/amr_node.h:24:45:[m[K [01;31m[Kerror: [m[Kâ€˜[01m[KString[m[Kâ€™ in namespace â€˜[01m[K::[m[Kâ€™ does not name a type; did you mean â€˜[01m[KQString[m[Kâ€™?
   24 |     void robot_callback(const st_msgs::msg::[01;31m[KString[m[K::SharedPtr msg);
      |                                             [01;31m[K^~~~~~[m[K
      |                                             [32m[KQString[m[K
[01m[K/home/colin/agv_gui/build/amr_v4_qt/include/../../../src/amr_v4_qt/include/amr_node.h:57:38:[m[K [01;31m[Kerror: [m[Kâ€˜[01m[KBool[m[Kâ€™ is not a member of â€˜[01m[Kstd_msgs::msg[m[Kâ€™
   57 |     rclcpp::Publisher<std_msgs::msg::[01;31m[KBool[m[K>::SharedPtr mode_pub_;
      |                                      [01;31m[K^~~~[m[K
[01m[K/home/colin/agv_gui/build/amr_v4_qt/include/../../../src/amr_v4_qt/include/amr_node.h:57:42:[m[K [01;31m[Kerror: [m[Ktemplate argument 1 is invalid
   57 |     rclcpp::Publisher<std_msgs::msg::Bool[01;31m[K>[m[K::SharedPtr mode_pub_;
      |                                          [01;31m[K^[m[K
[01m[K/home/colin/agv_gui/build/amr_v4_qt/include/../../../src/amr_v4_qt/include/amr_node.h:57:45:[m[K [01;31m[Kerror: [m[Kexpected â€˜[01m[K;[m[Kâ€™ at end of member declaration
   57 |     rclcpp::Publisher<std_msgs::msg::Bool>::[01;31m[KSharedPtr[m[K mode_pub_;
      |                                             [01;31m[K^~~~~~~~~[m[K
      |                                                      [32m[K;[m[K
[01m[K/home/colin/agv_gui/build/amr_v4_qt/include/../../../src/amr_v4_qt/include/amr_node.h:57:55:[m[K [01;31m[Kerror: [m[Kâ€˜[01m[Kmode_pub_[m[Kâ€™ does not name a type
   57 |     rclcpp::Publisher<std_msgs::msg::Bool>::SharedPtr [01;31m[Kmode_pub_[m[K;
      |                                                       [01;31m[K^~~~~~~~~[m[K
In file included from [01m[K/home/colin/agv_gui/src/amr_v4_qt/include/main_gui.h:19[m[K,
                 from [01m[K/home/colin/agv_gui/src/amr_v4_qt/src/main_gui.cpp:1[m[K:
[01m[K/home/colin/agv_gui/src/amr_v4_qt/include/amr_node.h:24:31:[m[K [01;31m[Kerror: [m[Kâ€˜[01m[Kst_msgs[m[Kâ€™ does not name a type
   24 |     void robot_callback(const [01;31m[Kst_msgs[m[K::msg::String::SharedPtr msg);
      |                               [01;31m[K^~~~~~~[m[K
[01m[K/home/colin/agv_gui/src/amr_v4_qt/include/amr_node.h:24:43:[m[K [01;31m[Kerror: [m[Kexpected unqualified-id before â€˜[01m[K::[m[Kâ€™ token
   24 |     void robot_callback(const st_msgs::msg[01;31m[K::[m[KString::SharedPtr msg);
      |                                           [01;31m[K^~[m[K
[01m[K/home/colin/agv_gui/src/amr_v4_qt/include/amr_node.h:24:43:[m[K [01;31m[Kerror: [m[Kexpected â€˜[01m[K)[m[Kâ€™ before â€˜[01m[K::[m[Kâ€™ token
   24 |     void robot_callback[34m[K([m[Kconst st_msgs::msg[01;31m[K:[m[K[32m[K:[m[KString::SharedPtr msg);
      |                        [34m[K~[m[K                  [01;31m[K^[m[K[32m[K~[m[K
      |                                           [32m[K)[m[K
[01m[K/home/colin/agv_gui/src/amr_v4_qt/include/amr_node.h:24:40:[m[K [01;31m[Kerror: [m[Kexpected â€˜[01m[K;[m[Kâ€™ at end of member declaration
   24 |     void robot_callback(const st_msgs::[01;31m[Kmsg[m[K::String::SharedPtr msg);
      |                                        [01;31m[K^~~[m[K
      |                                           [32m[K;[m[K
[01m[K/home/colin/agv_gui/src/amr_v4_qt/include/amr_node.h:24:45:[m[K [01;31m[Kerror: [m[Kâ€˜[01m[KString[m[Kâ€™ in namespace â€˜[01m[K::[m[Kâ€™ does not name a type; did you mean â€˜[01m[KQString[m[Kâ€™?
   24 |     void robot_callback(const st_msgs::msg::[01;31m[KString[m[K::SharedPtr msg);
      |                                             [01;31m[K^~~~~~[m[K
      |                                             [32m[KQString[m[K
In file included from [01m[K/home/colin/agv_gui/src/amr_v4_qt/include/main_gui.h:19[m[K,
                 from [01m[K/home/colin/agv_gui/src/amr_v4_qt/src/main.cpp:4[m[K:
[01m[K/home/colin/agv_gui/src/amr_v4_qt/include/amr_node.h:24:31:[m[K [01;31m[Kerror: [m[Kâ€˜[01m[Kst_msgs[m[Kâ€™ does not name a type
   24 |     void robot_callback(const [01;31m[Kst_msgs[m[K::msg::String::SharedPtr msg);
      |                               [01;31m[K^~~~~~~[m[K
[01m[K/home/colin/agv_gui/src/amr_v4_qt/include/amr_node.h:24:43:[m[K [01;31m[Kerror: [m[Kexpected unqualified-id before â€˜[01m[K::[m[Kâ€™ token
   24 |     void robot_callback(const st_msgs::msg[01;31m[K::[m[KString::SharedPtr msg);
      |                                           [01;31m[K^~[m[K
[01m[K/home/colin/agv_gui/src/amr_v4_qt/include/amr_node.h:24:43:[m[K [01;31m[Kerror: [m[Kexpected â€˜[01m[K)[m[Kâ€™ before â€˜[01m[K::[m[Kâ€™ token
   24 |     void robot_callback[34m[K([m[Kconst st_msgs::msg[01;31m[K:[m[K[32m[K:[m[KString::SharedPtr msg);
      |                        [34m[K~[m[K                  [01;31m[K^[m[K[32m[K~[m[K
      |                                           [32m[K)[m[K
[01m[K/home/colin/agv_gui/src/amr_v4_qt/include/amr_node.h:24:40:[m[K [01;31m[Kerror: [m[Kexpected â€˜[01m[K;[m[Kâ€™ at end of member declaration
   24 |     void robot_callback(const st_msgs::[01;31m[Kmsg[m[K::String::SharedPtr msg);
      |                                        [01;31m[K^~~[m[K
      |                                           [32m[K;[m[K
[01m[K/home/colin/agv_gui/src/amr_v4_qt/include/amr_node.h:24:45:[m[K [01;31m[Kerror: [m[Kâ€˜[01m[KString[m[Kâ€™ in namespace â€˜[01m[K::[m[Kâ€™ does not name a type; did you mean â€˜[01m[KQString[m[Kâ€™?
   24 |     void robot_callback(const st_msgs::msg::[01;31m[KString[m[K::SharedPtr msg);
      |                                             [01;31m[K^~~~~~[m[K
      |                                             [32m[KQString[m[K
gmake[2]: *** [CMakeFiles/amr_v4_qt.dir/build.make:236: CMakeFiles/amr_v4_qt.dir/src/amr_node.cpp.o] Error 1
gmake[2]: *** Waiting for unfinished jobs....
[01m[K/home/colin/agv_gui/src/amr_v4_qt/include/amr_node.h:57:38:[m[K [01;31m[Kerror: [m[Kâ€˜[01m[KBool[m[Kâ€™ is not a member of â€˜[01m[Kstd_msgs::msg[m[Kâ€™
   57 |     rclcpp::Publisher<std_msgs::msg::[01;31m[KBool[m[K>::SharedPtr mode_pub_;
      |                                      [01;31m[K^~~~[m[K
[01m[K/home/colin/agv_gui/src/amr_v4_qt/include/amr_node.h:57:42:[m[K [01;31m[Kerror: [m[Ktemplate argument 1 is invalid
   57 |     rclcpp::Publisher<std_msgs::msg::Bool[01;31m[K>[m[K::SharedPtr mode_pub_;
      |                                          [01;31m[K^[m[K
[01m[K/home/colin/agv_gui/src/amr_v4_qt/include/amr_node.h:57:45:[m[K [01;31m[Kerror: [m[Kexpected â€˜[01m[K;[m[Kâ€™ at end of member declaration
   57 |     rclcpp::Publisher<std_msgs::msg::Bool>::[01;31m[KSharedPtr[m[K mode_pub_;
      |                                             [01;31m[K^~~~~~~~~[m[K
      |                                                      [32m[K;[m[K
[01m[K/home/colin/agv_gui/src/amr_v4_qt/include/amr_node.h:57:55:[m[K [01;31m[Kerror: [m[Kâ€˜[01m[Kmode_pub_[m[Kâ€™ does not name a type
   57 |     rclcpp::Publisher<std_msgs::msg::Bool>::SharedPtr [01;31m[Kmode_pub_[m[K;
      |                                                       [01;31m[K^~~~~~~~~[m[K
[01m[K/home/colin/agv_gui/src/amr_v4_qt/include/amr_node.h:57:38:[m[K [01;31m[Kerror: [m[Kâ€˜[01m[KBool[m[Kâ€™ is not a member of â€˜[01m[Kstd_msgs::msg[m[Kâ€™
   57 |     rclcpp::Publisher<std_msgs::msg::[01;31m[KBool[m[K>::SharedPtr mode_pub_;
      |                                      [01;31m[K^~~~[m[K
[01m[K/home/colin/agv_gui/src/amr_v4_qt/include/amr_node.h:57:42:[m[K [01;31m[Kerror: [m[Ktemplate argument 1 is invalid
   57 |     rclcpp::Publisher<std_msgs::msg::Bool[01;31m[K>[m[K::SharedPtr mode_pub_;
      |                                          [01;31m[K^[m[K
[01m[K/home/colin/agv_gui/src/amr_v4_qt/include/amr_node.h:57:45:[m[K [01;31m[Kerror: [m[Kexpected â€˜[01m[K;[m[Kâ€™ at end of member declaration
   57 |     rclcpp::Publisher<std_msgs::msg::Bool>::[01;31m[KSharedPtr[m[K mode_pub_;
      |                                             [01;31m[K^~~~~~~~~[m[K
      |                                                      [32m[K;[m[K
[01m[K/home/colin/agv_gui/src/amr_v4_qt/include/amr_node.h:57:55:[m[K [01;31m[Kerror: [m[Kâ€˜[01m[Kmode_pub_[m[Kâ€™ does not name a type
   57 |     rclcpp::Publisher<std_msgs::msg::Bool>::SharedPtr [01;31m[Kmode_pub_[m[K;
      |                                                       [01;31m[K^~~~~~~~~[m[K
[01m[K/home/colin/agv_gui/src/amr_v4_qt/src/main.cpp:[m[K In function â€˜[01m[Kint main(int, char**)[m[Kâ€™:
[01m[K/home/colin/agv_gui/src/amr_v4_qt/src/main.cpp:29:26:[m[K [01;31m[Kerror: [m[Kâ€˜[01m[KMakeShared[m[Kâ€™ is not a member of â€˜[01m[Kstd[m[Kâ€™; did you mean â€˜[01m[Kmake_shared[m[Kâ€™?
   29 |     auto amrNode_ = std::[01;31m[KMakeShared[m[K<AmrNode>("amr_node");
      |                          [01;31m[K^~~~~~~~~~[m[K
      |                          [32m[Kmake_shared[m[K
[01m[K/home/colin/agv_gui/src/amr_v4_qt/src/main.cpp:29:44:[m[K [01;31m[Kerror: [m[Kexpected primary-expression before â€˜[01m[K>[m[Kâ€™ token
   29 |     auto amrNode_ = std::MakeShared<AmrNode[01;31m[K>[m[K("amr_node");
      |                                            [01;31m[K^[m[K
[01m[K/home/colin/agv_gui/src/amr_v4_qt/src/main_gui.cpp:[m[K In constructor â€˜[01m[KMainGui::MainGui(std::shared_ptr<AmrNode>, QWidget*)[m[Kâ€™:
[01m[K/home/colin/agv_gui/src/amr_v4_qt/src/main_gui.cpp:62:30:[m[K [01;31m[Kerror: [m[Kâ€˜[01m[KBatterySub[m[Kâ€™ has not been declared
   62 |     connect(amr_node.get(), &[01;31m[KBatterySub[m[K::changedBattery, this, &MainGui::updateBattery);
      |                              [01;31m[K^~~~~~~~~~[m[K
[01m[K/home/colin/agv_gui/src/amr_v4_qt/src/main_gui.cpp:63:30:[m[K [01;31m[Kerror: [m[Kâ€˜[01m[KMotorSub[m[Kâ€™ has not been declared
   63 |     connect(amr_node.get(), &[01;31m[KMotorSub[m[K::changedMotor, this, &MainGui::updateMotors);
      |                              [01;31m[K^~~~~~~~[m[K
[01m[K/home/colin/agv_gui/src/amr_v4_qt/src/main_gui.cpp:64:30:[m[K [01;31m[Kerror: [m[Kâ€˜[01m[KHealthSub[m[Kâ€™ has not been declared
   64 |     connect(amr_node.get(), &[01;31m[KHealthSub[m[K::changedCamera, this, &MainGui::updateCamera);
      |                              [01;31m[K^~~~~~~~~[m[K
[01m[K/home/colin/agv_gui/src/amr_v4_qt/src/main_gui.cpp:65:30:[m[K [01;31m[Kerror: [m[Kâ€˜[01m[KHealthSub[m[Kâ€™ has not been declared
   65 |     connect(amr_node.get(), &[01;31m[KHealthSub[m[K::changedLidar, this, &MainGui::updateLidar);
      |                              [01;31m[K^~~~~~~~~[m[K
[01m[K/home/colin/agv_gui/src/amr_v4_qt/src/main_gui.cpp:66:30:[m[K [01;31m[Kerror: [m[Kâ€˜[01m[KRunningSub[m[Kâ€™ has not been declared
   66 |     connect(amr_node.get(), &[01;31m[KRunningSub[m[K::changedMode, this, &MainGui::updateMode);
      |                              [01;31m[K^~~~~~~~~~[m[K
[01m[K/home/colin/agv_gui/src/amr_v4_qt/src/main_gui.cpp:67:30:[m[K [01;31m[Kerror: [m[Kâ€˜[01m[KRobotSub[m[Kâ€™ has not been declared
   67 |     connect(amr_node.get(), &[01;31m[KRobotSub[m[K::changedStatus, this, &MainGui::updateRobot);
      |                              [01;31m[K^~~~~~~~[m[K
[01m[K/home/colin/agv_gui/src/amr_v4_qt/src/main_gui.cpp:[m[K In member function â€˜[01m[Kvoid MainGui::onModeSwitched()[m[Kâ€™:
[01m[K/home/colin/agv_gui/src/amr_v4_qt/src/main_gui.cpp:103:5:[m[K [01;31m[Kerror: [m[Kâ€˜[01m[KmodeNode[m[Kâ€™ was not declared in this scope
  103 |     [01;31m[KmodeNode[m[K->mode_callback(driveMode);
      |     [01;31m[K^~~~~~~~[m[K
[01m[K/home/colin/agv_gui/src/amr_v4_qt/src/main_gui.cpp:[m[K In member function â€˜[01m[Kint MainGui::getWifiSignalStrength()[m[Kâ€™:
[01m[K/home/colin/agv_gui/src/amr_v4_qt/src/main_gui.cpp:159:18:[m[K [01;35m[Kwarning: [m[Kâ€˜[01m[Kvoid QProcess::start(const QString&, QIODevice::OpenMode)[m[Kâ€™ is deprecated: Use QProcess::start(const QString &program, const QStringList &arguments,OpenMode mode = ReadWrite) instead [[01;35m[K]8;;https://gcc.gnu.org/onlinedocs/gcc/Warning-Options.html#index-Wdeprecated-declarations-Wdeprecated-declarations]8;;[m[K]
  159 |     [01;35m[Kprocess.start("iwconfig")[m[K;
      |     [01;35m[K~~~~~~~~~~~~~^~~~~~~~~~~~[m[K
In file included from [01m[K/usr/include/x86_64-linux-gnu/qt5/QtCore/QProcess:1[m[K,
                 from [01m[K/home/colin/agv_gui/src/amr_v4_qt/src/main_gui.cpp:5[m[K:
[01m[K/usr/include/x86_64-linux-gnu/qt5/QtCore/qprocess.h:168:10:[m[K [01;36m[Knote: [m[Kdeclared here
  168 |     void [01;36m[Kstart[m[K(const QString &command, OpenMode mode = ReadWrite);
      |          [01;36m[K^~~~~[m[K
gmake[2]: *** [CMakeFiles/amr_v4_qt.dir/build.make:250: CMakeFiles/amr_v4_qt.dir/include/moc_main_gui.cpp.o] Error 1
gmake[2]: *** [CMakeFiles/amr_v4_qt.dir/build.make:138: CMakeFiles/amr_v4_qt.dir/src/main.cpp.o] Error 1
gmake[2]: *** [CMakeFiles/amr_v4_qt.dir/build.make:152: CMakeFiles/amr_v4_qt.dir/src/main_gui.cpp.o] Error 1
gmake[1]: *** [CMakeFiles/Makefile2:138: CMakeFiles/amr_v4_qt.dir/all] Error 2
gmake: *** [Makefile:146: all] Error 2
