[0.053s] Invoking command in '/home/colin/agv_gui/build/amr_v4_qt': CMAKE_PREFIX_PATH=${CMAKE_PREFIX_PATH}:/opt/ros/iron /usr/bin/cmake --build /home/colin/agv_gui/build/amr_v4_qt -- -j4 -l4
[0.190s] [  2%] [34m[1mAutomatic MOC and UIC for target amr_v4_qt[0m
[0.260s] [  2%] Built target amr_v4_qt_autogen
[0.306s] [35m[1mConsolidate compiler generated dependencies of target amr_v4_qt[0m
[0.438s] [  5%] [32mBuilding CXX object CMakeFiles/amr_v4_qt.dir/src/main.cpp.o[0m
[0.442s] [  8%] [32mBuilding CXX object CMakeFiles/amr_v4_qt.dir/src/main_gui.cpp.o[0m
[0.488s] [ 11%] [32mBuilding CXX object CMakeFiles/amr_v4_qt.dir/include/moc_main_gui.cpp.o[0m
[0.489s] [ 14%] [32mBuilding CXX object CMakeFiles/amr_v4_qt.dir/src/amr_node.cpp.o[0m
[19.850s] In file included from [01m[K/home/colin/agv_gui/src/amr_v4_qt/src/amr_node.cpp:1[m[K:
[19.852s] [01m[K/home/colin/agv_gui/src/amr_v4_qt/include/amr_node.h:24:31:[m[K [01;31m[Kerror: [m[Kâ€˜[01m[Kst_msgs[m[Kâ€™ does not name a type
[19.854s]    24 |     void robot_callback(const [01;31m[Kst_msgs[m[K::msg::String::SharedPtr msg);
[19.855s]       |                               [01;31m[K^~~~~~~[m[K
[19.856s] [01m[K/home/colin/agv_gui/src/amr_v4_qt/include/amr_node.h:24:43:[m[K [01;31m[Kerror: [m[Kexpected unqualified-id before â€˜[01m[K::[m[Kâ€™ token
[19.858s]    24 |     void robot_callback(const st_msgs::msg[01;31m[K::[m[KString::SharedPtr msg);
[19.859s]       |                                           [01;31m[K^~[m[K
[19.861s] [01m[K/home/colin/agv_gui/src/amr_v4_qt/include/amr_node.h:24:43:[m[K [01;31m[Kerror: [m[Kexpected â€˜[01m[K)[m[Kâ€™ before â€˜[01m[K::[m[Kâ€™ token
[19.862s]    24 |     void robot_callback[34m[K([m[Kconst st_msgs::msg[01;31m[K:[m[K[32m[K:[m[KString::SharedPtr msg);
[19.863s]       |                        [34m[K~[m[K                  [01;31m[K^[m[K[32m[K~[m[K
[19.865s]       |                                           [32m[K)[m[K
[19.867s] [01m[K/home/colin/agv_gui/src/amr_v4_qt/include/amr_node.h:24:40:[m[K [01;31m[Kerror: [m[Kexpected â€˜[01m[K;[m[Kâ€™ at end of member declaration
[19.868s]    24 |     void robot_callback(const st_msgs::[01;31m[Kmsg[m[K::String::SharedPtr msg);
[19.869s]       |                                        [01;31m[K^~~[m[K
[19.870s]       |                                           [32m[K;[m[K
[19.871s] [01m[K/home/colin/agv_gui/src/amr_v4_qt/include/amr_node.h:24:45:[m[K [01;31m[Kerror: [m[Kâ€˜[01m[KString[m[Kâ€™ in namespace â€˜[01m[K::[m[Kâ€™ does not name a type; did you mean â€˜[01m[KQString[m[Kâ€™?
[19.873s]    24 |     void robot_callback(const st_msgs::msg::[01;31m[KString[m[K::SharedPtr msg);
[19.874s]       |                                             [01;31m[K^~~~~~[m[K
[19.882s]       |                                             [32m[KQString[m[K
[20.227s] [01m[K/home/colin/agv_gui/src/amr_v4_qt/include/amr_node.h:57:38:[m[K [01;31m[Kerror: [m[Kâ€˜[01m[KBool[m[Kâ€™ is not a member of â€˜[01m[Kstd_msgs::msg[m[Kâ€™
[20.228s]    57 |     rclcpp::Publisher<std_msgs::msg::[01;31m[KBool[m[K>::SharedPtr mode_pub_;
[20.229s]       |                                      [01;31m[K^~~~[m[K
[20.230s] [01m[K/home/colin/agv_gui/src/amr_v4_qt/include/amr_node.h:57:42:[m[K [01;31m[Kerror: [m[Ktemplate argument 1 is invalid
[20.231s]    57 |     rclcpp::Publisher<std_msgs::msg::Bool[01;31m[K>[m[K::SharedPtr mode_pub_;
[20.232s]       |                                          [01;31m[K^[m[K
[20.233s] [01m[K/home/colin/agv_gui/src/amr_v4_qt/include/amr_node.h:57:45:[m[K [01;31m[Kerror: [m[Kexpected â€˜[01m[K;[m[Kâ€™ at end of member declaration
[20.234s]    57 |     rclcpp::Publisher<std_msgs::msg::Bool>::[01;31m[KSharedPtr[m[K mode_pub_;
[20.236s]       |                                             [01;31m[K^~~~~~~~~[m[K
[20.237s]       |                                                      [32m[K;[m[K
[20.238s] [01m[K/home/colin/agv_gui/src/amr_v4_qt/include/amr_node.h:57:55:[m[K [01;31m[Kerror: [m[Kâ€˜[01m[Kmode_pub_[m[Kâ€™ does not name a type
[20.239s]    57 |     rclcpp::Publisher<std_msgs::msg::Bool>::SharedPtr [01;31m[Kmode_pub_[m[K;
[20.241s]       |                                                       [01;31m[K^~~~~~~~~[m[K
[20.242s] [01m[K/home/colin/agv_gui/src/amr_v4_qt/src/amr_node.cpp:3:1:[m[K [01;31m[Kerror: [m[Kno declaration matches â€˜[01m[KAmrNode::AmrNode(std::string)[m[Kâ€™
[20.243s]     3 | [01;31m[KAmrNode[m[K::AmrNode(const std::string nodeName)
[20.244s]       | [01;31m[K^~~~~~~[m[K
[20.245s] In file included from [01m[K/home/colin/agv_gui/src/amr_v4_qt/src/amr_node.cpp:1[m[K:
[20.247s] [01m[K/home/colin/agv_gui/src/amr_v4_qt/include/amr_node.h:13:7:[m[K [01;36m[Knote: [m[Kcandidates are: â€˜[01m[KAmrNode::AmrNode(AmrNode&&)[m[Kâ€™
[20.248s]    13 | class [01;36m[KAmrNode[m[K : public QObject, public rclcpp::Node
[20.249s]       |       [01;36m[K^~~~~~~[m[K
[20.250s] [01m[K/home/colin/agv_gui/src/amr_v4_qt/include/amr_node.h:13:7:[m[K [01;36m[Knote: [m[K                â€˜[01m[KAmrNode::AmrNode(const AmrNode&)[m[Kâ€™
[20.251s] [01m[K/home/colin/agv_gui/src/amr_v4_qt/include/amr_node.h:18:14:[m[K [01;36m[Knote: [m[K                â€˜[01m[KAmrNode::AmrNode(const string&)[m[Kâ€™
[20.252s]    18 |     explicit [01;36m[KAmrNode[m[K(const std::string& nodeName);
[20.253s]       |              [01;36m[K^~~~~~~[m[K
[20.254s] [01m[K/home/colin/agv_gui/src/amr_v4_qt/include/amr_node.h:13:7:[m[K [01;36m[Knote: [m[Kâ€˜[01m[Kclass AmrNode[m[Kâ€™ defined here
[20.262s]    13 | class [01;36m[KAmrNode[m[K : public QObject, public rclcpp::Node
[20.263s]       |       [01;36m[K^~~~~~~[m[K
[20.280s] [01m[K/home/colin/agv_gui/src/amr_v4_qt/src/amr_node.cpp:[m[K In member function â€˜[01m[Kvoid AmrNode::lidar_callback(std_msgs::msg::String_<std::allocator<void> >::SharedPtr)[m[Kâ€™:
[20.282s] [01m[K/home/colin/agv_gui/src/amr_v4_qt/src/amr_node.cpp:38:10:[m[K [01;31m[Kerror: [m[Kâ€˜[01m[KchagnedLidar[m[Kâ€™ was not declared in this scope; did you mean â€˜[01m[KchangedLidar[m[Kâ€™?
[20.283s]    38 |     emit [01;31m[KchagnedLidar[m[K(lidar_info);
[20.284s]       |          [01;31m[K^~~~~~~~~~~~[m[K
[20.285s]       |          [32m[KchangedLidar[m[K
[20.287s] [01m[K/home/colin/agv_gui/src/amr_v4_qt/src/amr_node.cpp:[m[K At global scope:
[20.287s] [01m[K/home/colin/agv_gui/src/amr_v4_qt/src/amr_node.cpp:60:6:[m[K [01;31m[Kerror: [m[Kno declaration matches â€˜[01m[Kvoid AmrNode::robot_callback(std_msgs::msg::String_<std::allocator<void> >::SharedPtr)[m[Kâ€™
[20.288s]    60 | void [01;31m[KAmrNode[m[K::robot_callback(const std_msgs::msg::String::SharedPtr msg)
[20.289s]       |      [01;31m[K^~~~~~~[m[K
[20.290s] In file included from [01m[K/home/colin/agv_gui/src/amr_v4_qt/src/amr_node.cpp:1[m[K:
[20.291s] [01m[K/home/colin/agv_gui/src/amr_v4_qt/include/amr_node.h:24:10:[m[K [01;36m[Knote: [m[Kcandidate is: â€˜[01m[Kvoid AmrNode::robot_callback(...)[m[Kâ€™
[20.292s]    24 |     void [01;36m[Krobot_callback[m[K(const st_msgs::msg::String::SharedPtr msg);
[20.293s]       |          [01;36m[K^~~~~~~~~~~~~~[m[K
[20.294s] [01m[K/home/colin/agv_gui/src/amr_v4_qt/include/amr_node.h:13:7:[m[K [01;36m[Knote: [m[Kâ€˜[01m[Kclass AmrNode[m[Kâ€™ defined here
[20.295s]    13 | class [01;36m[KAmrNode[m[K : public QObject, public rclcpp::Node
[20.295s]       |       [01;36m[K^~~~~~~[m[K
[20.296s] [01m[K/home/colin/agv_gui/src/amr_v4_qt/src/amr_node.cpp:[m[K In member function â€˜[01m[Kvoid AmrNode::mode_callback(bool)[m[Kâ€™:
[20.297s] [01m[K/home/colin/agv_gui/src/amr_v4_qt/src/amr_node.cpp:68:35:[m[K [01;31m[Kerror: [m[Kâ€˜[01m[KBool[m[Kâ€™ is not a member of â€˜[01m[Kstd_msgs::msg[m[Kâ€™
[20.298s]    68 |     auto message = std_msgs::msg::[01;31m[KBool[m[K();
[20.299s]       |                                   [01;31m[K^~~~[m[K
[20.300s] [01m[K/home/colin/agv_gui/src/amr_v4_qt/src/amr_node.cpp:70:5:[m[K [01;31m[Kerror: [m[Kâ€˜[01m[Kmode_pub_[m[Kâ€™ was not declared in this scope
[20.301s]    70 |     [01;31m[Kmode_pub_[m[K->publish(message);
[20.302s]       |     [01;31m[K^~~~~~~~~[m[K
[21.860s] In file included from [01m[K/home/colin/agv_gui/build/amr_v4_qt/include/../../../src/amr_v4_qt/include/main_gui.h:19[m[K,
[21.862s]                  from [01m[K/home/colin/agv_gui/build/amr_v4_qt/include/moc_main_gui.cpp:10[m[K:
[21.863s] [01m[K/home/colin/agv_gui/build/amr_v4_qt/include/../../../src/amr_v4_qt/include/amr_node.h:24:31:[m[K [01;31m[Kerror: [m[Kâ€˜[01m[Kst_msgs[m[Kâ€™ does not name a type
[21.865s]    24 |     void robot_callback(const [01;31m[Kst_msgs[m[K::msg::String::SharedPtr msg);
[21.867s]       |                               [01;31m[K^~~~~~~[m[K
[21.869s] [01m[K/home/colin/agv_gui/build/amr_v4_qt/include/../../../src/amr_v4_qt/include/amr_node.h:24:43:[m[K [01;31m[Kerror: [m[Kexpected unqualified-id before â€˜[01m[K::[m[Kâ€™ token
[21.870s]    24 |     void robot_callback(const st_msgs::msg[01;31m[K::[m[KString::SharedPtr msg);
[21.872s]       |                                           [01;31m[K^~[m[K
[21.874s] [01m[K/home/colin/agv_gui/build/amr_v4_qt/include/../../../src/amr_v4_qt/include/amr_node.h:24:43:[m[K [01;31m[Kerror: [m[Kexpected â€˜[01m[K)[m[Kâ€™ before â€˜[01m[K::[m[Kâ€™ token
[21.875s]    24 |     void robot_callback[34m[K([m[Kconst st_msgs::msg[01;31m[K:[m[K[32m[K:[m[KString::SharedPtr msg);
[21.878s]       |                        [34m[K~[m[K                  [01;31m[K^[m[K[32m[K~[m[K
[21.879s]       |                                           [32m[K)[m[K
[21.881s] [01m[K/home/colin/agv_gui/build/amr_v4_qt/include/../../../src/amr_v4_qt/include/amr_node.h:24:40:[m[K [01;31m[Kerror: [m[Kexpected â€˜[01m[K;[m[Kâ€™ at end of member declaration
[21.882s]    24 |     void robot_callback(const st_msgs::[01;31m[Kmsg[m[K::String::SharedPtr msg);
[21.884s]       |                                        [01;31m[K^~~[m[K
[21.898s]       |                                           [32m[K;[m[K
[21.900s] [01m[K/home/colin/agv_gui/build/amr_v4_qt/include/../../../src/amr_v4_qt/include/amr_node.h:24:45:[m[K [01;31m[Kerror: [m[Kâ€˜[01m[KString[m[Kâ€™ in namespace â€˜[01m[K::[m[Kâ€™ does not name a type; did you mean â€˜[01m[KQString[m[Kâ€™?
[21.902s]    24 |     void robot_callback(const st_msgs::msg::[01;31m[KString[m[K::SharedPtr msg);
[21.904s]       |                                             [01;31m[K^~~~~~[m[K
[21.905s]       |                                             [32m[KQString[m[K
[22.173s] [01m[K/home/colin/agv_gui/build/amr_v4_qt/include/../../../src/amr_v4_qt/include/amr_node.h:57:38:[m[K [01;31m[Kerror: [m[Kâ€˜[01m[KBool[m[Kâ€™ is not a member of â€˜[01m[Kstd_msgs::msg[m[Kâ€™
[22.175s]    57 |     rclcpp::Publisher<std_msgs::msg::[01;31m[KBool[m[K>::SharedPtr mode_pub_;
[22.178s]       |                                      [01;31m[K^~~~[m[K
[22.179s] [01m[K/home/colin/agv_gui/build/amr_v4_qt/include/../../../src/amr_v4_qt/include/amr_node.h:57:42:[m[K [01;31m[Kerror: [m[Ktemplate argument 1 is invalid
[22.180s]    57 |     rclcpp::Publisher<std_msgs::msg::Bool[01;31m[K>[m[K::SharedPtr mode_pub_;
[22.182s]       |                                          [01;31m[K^[m[K
[22.184s] [01m[K/home/colin/agv_gui/build/amr_v4_qt/include/../../../src/amr_v4_qt/include/amr_node.h:57:45:[m[K [01;31m[Kerror: [m[Kexpected â€˜[01m[K;[m[Kâ€™ at end of member declaration
[22.185s]    57 |     rclcpp::Publisher<std_msgs::msg::Bool>::[01;31m[KSharedPtr[m[K mode_pub_;
[22.187s]       |                                             [01;31m[K^~~~~~~~~[m[K
[22.189s]       |                                                      [32m[K;[m[K
[22.191s] [01m[K/home/colin/agv_gui/build/amr_v4_qt/include/../../../src/amr_v4_qt/include/amr_node.h:57:55:[m[K [01;31m[Kerror: [m[Kâ€˜[01m[Kmode_pub_[m[Kâ€™ does not name a type
[22.192s]    57 |     rclcpp::Publisher<std_msgs::msg::Bool>::SharedPtr [01;31m[Kmode_pub_[m[K;
[22.195s]       |                                                       [01;31m[K^~~~~~~~~[m[K
[22.607s] In file included from [01m[K/home/colin/agv_gui/src/amr_v4_qt/include/main_gui.h:19[m[K,
[22.608s]                  from [01m[K/home/colin/agv_gui/src/amr_v4_qt/src/main_gui.cpp:1[m[K:
[22.609s] [01m[K/home/colin/agv_gui/src/amr_v4_qt/include/amr_node.h:24:31:[m[K [01;31m[Kerror: [m[Kâ€˜[01m[Kst_msgs[m[Kâ€™ does not name a type
[22.611s]    24 |     void robot_callback(const [01;31m[Kst_msgs[m[K::msg::String::SharedPtr msg);
[22.612s]       |                               [01;31m[K^~~~~~~[m[K
[22.613s] [01m[K/home/colin/agv_gui/src/amr_v4_qt/include/amr_node.h:24:43:[m[K [01;31m[Kerror: [m[Kexpected unqualified-id before â€˜[01m[K::[m[Kâ€™ token
[22.614s]    24 |     void robot_callback(const st_msgs::msg[01;31m[K::[m[KString::SharedPtr msg);
[22.615s]       |                                           [01;31m[K^~[m[K
[22.616s] [01m[K/home/colin/agv_gui/src/amr_v4_qt/include/amr_node.h:24:43:[m[K [01;31m[Kerror: [m[Kexpected â€˜[01m[K)[m[Kâ€™ before â€˜[01m[K::[m[Kâ€™ token
[22.617s]    24 |     void robot_callback[34m[K([m[Kconst st_msgs::msg[01;31m[K:[m[K[32m[K:[m[KString::SharedPtr msg);
[22.618s]       |                        [34m[K~[m[K                  [01;31m[K^[m[K[32m[K~[m[K
[22.619s]       |                                           [32m[K)[m[K
[22.620s] [01m[K/home/colin/agv_gui/src/amr_v4_qt/include/amr_node.h:24:40:[m[K [01;31m[Kerror: [m[Kexpected â€˜[01m[K;[m[Kâ€™ at end of member declaration
[22.621s]    24 |     void robot_callback(const st_msgs::[01;31m[Kmsg[m[K::String::SharedPtr msg);
[22.623s]       |                                        [01;31m[K^~~[m[K
[22.625s]       |                                           [32m[K;[m[K
[22.634s] [01m[K/home/colin/agv_gui/src/amr_v4_qt/include/amr_node.h:24:45:[m[K [01;31m[Kerror: [m[Kâ€˜[01m[KString[m[Kâ€™ in namespace â€˜[01m[K::[m[Kâ€™ does not name a type; did you mean â€˜[01m[KQString[m[Kâ€™?
[22.637s]    24 |     void robot_callback(const st_msgs::msg::[01;31m[KString[m[K::SharedPtr msg);
[22.638s]       |                                             [01;31m[K^~~~~~[m[K
[22.640s]       |                                             [32m[KQString[m[K
[22.717s] In file included from [01m[K/home/colin/agv_gui/src/amr_v4_qt/include/main_gui.h:19[m[K,
[22.718s]                  from [01m[K/home/colin/agv_gui/src/amr_v4_qt/src/main.cpp:4[m[K:
[22.719s] [01m[K/home/colin/agv_gui/src/amr_v4_qt/include/amr_node.h:24:31:[m[K [01;31m[Kerror: [m[Kâ€˜[01m[Kst_msgs[m[Kâ€™ does not name a type
[22.720s]    24 |     void robot_callback(const [01;31m[Kst_msgs[m[K::msg::String::SharedPtr msg);
[22.721s]       |                               [01;31m[K^~~~~~~[m[K
[22.722s] [01m[K/home/colin/agv_gui/src/amr_v4_qt/include/amr_node.h:24:43:[m[K [01;31m[Kerror: [m[Kexpected unqualified-id before â€˜[01m[K::[m[Kâ€™ token
[22.723s]    24 |     void robot_callback(const st_msgs::msg[01;31m[K::[m[KString::SharedPtr msg);
[22.724s]       |                                           [01;31m[K^~[m[K
[22.725s] [01m[K/home/colin/agv_gui/src/amr_v4_qt/include/amr_node.h:24:43:[m[K [01;31m[Kerror: [m[Kexpected â€˜[01m[K)[m[Kâ€™ before â€˜[01m[K::[m[Kâ€™ token
[22.727s]    24 |     void robot_callback[34m[K([m[Kconst st_msgs::msg[01;31m[K:[m[K[32m[K:[m[KString::SharedPtr msg);
[22.728s]       |                        [34m[K~[m[K                  [01;31m[K^[m[K[32m[K~[m[K
[22.729s]       |                                           [32m[K)[m[K
[22.730s] [01m[K/home/colin/agv_gui/src/amr_v4_qt/include/amr_node.h:24:40:[m[K [01;31m[Kerror: [m[Kexpected â€˜[01m[K;[m[Kâ€™ at end of member declaration
[22.731s]    24 |     void robot_callback(const st_msgs::[01;31m[Kmsg[m[K::String::SharedPtr msg);
[22.732s]       |                                        [01;31m[K^~~[m[K
[22.732s]       |                                           [32m[K;[m[K
[22.734s] [01m[K/home/colin/agv_gui/src/amr_v4_qt/include/amr_node.h:24:45:[m[K [01;31m[Kerror: [m[Kâ€˜[01m[KString[m[Kâ€™ in namespace â€˜[01m[K::[m[Kâ€™ does not name a type; did you mean â€˜[01m[KQString[m[Kâ€™?
[22.735s]    24 |     void robot_callback(const st_msgs::msg::[01;31m[KString[m[K::SharedPtr msg);
[22.736s]       |                                             [01;31m[K^~~~~~[m[K
[22.738s]       |                                             [32m[KQString[m[K
[22.859s] gmake[2]: *** [CMakeFiles/amr_v4_qt.dir/build.make:236: CMakeFiles/amr_v4_qt.dir/src/amr_node.cpp.o] Error 1
[22.861s] gmake[2]: *** Waiting for unfinished jobs....
[22.949s] [01m[K/home/colin/agv_gui/src/amr_v4_qt/include/amr_node.h:57:38:[m[K [01;31m[Kerror: [m[Kâ€˜[01m[KBool[m[Kâ€™ is not a member of â€˜[01m[Kstd_msgs::msg[m[Kâ€™
[22.951s]    57 |     rclcpp::Publisher<std_msgs::msg::[01;31m[KBool[m[K>::SharedPtr mode_pub_;
[22.952s]       |                                      [01;31m[K^~~~[m[K
[22.954s] [01m[K/home/colin/agv_gui/src/amr_v4_qt/include/amr_node.h:57:42:[m[K [01;31m[Kerror: [m[Ktemplate argument 1 is invalid
[22.955s]    57 |     rclcpp::Publisher<std_msgs::msg::Bool[01;31m[K>[m[K::SharedPtr mode_pub_;
[22.956s]       |                                          [01;31m[K^[m[K
[22.958s] [01m[K/home/colin/agv_gui/src/amr_v4_qt/include/amr_node.h:57:45:[m[K [01;31m[Kerror: [m[Kexpected â€˜[01m[K;[m[Kâ€™ at end of member declaration
[22.960s]    57 |     rclcpp::Publisher<std_msgs::msg::Bool>::[01;31m[KSharedPtr[m[K mode_pub_;
[22.963s]       |                                             [01;31m[K^~~~~~~~~[m[K
[22.965s]       |                                                      [32m[K;[m[K
[22.967s] [01m[K/home/colin/agv_gui/src/amr_v4_qt/include/amr_node.h:57:55:[m[K [01;31m[Kerror: [m[Kâ€˜[01m[Kmode_pub_[m[Kâ€™ does not name a type
[22.969s]    57 |     rclcpp::Publisher<std_msgs::msg::Bool>::SharedPtr [01;31m[Kmode_pub_[m[K;
[22.970s]       |                                                       [01;31m[K^~~~~~~~~[m[K
[22.981s] [01m[K/home/colin/agv_gui/src/amr_v4_qt/include/amr_node.h:57:38:[m[K [01;31m[Kerror: [m[Kâ€˜[01m[KBool[m[Kâ€™ is not a member of â€˜[01m[Kstd_msgs::msg[m[Kâ€™
[22.982s]    57 |     rclcpp::Publisher<std_msgs::msg::[01;31m[KBool[m[K>::SharedPtr mode_pub_;
[22.983s]       |                                      [01;31m[K^~~~[m[K
[22.984s] [01m[K/home/colin/agv_gui/src/amr_v4_qt/include/amr_node.h:57:42:[m[K [01;31m[Kerror: [m[Ktemplate argument 1 is invalid
[22.985s]    57 |     rclcpp::Publisher<std_msgs::msg::Bool[01;31m[K>[m[K::SharedPtr mode_pub_;
[22.988s]       |                                          [01;31m[K^[m[K
[22.990s] [01m[K/home/colin/agv_gui/src/amr_v4_qt/include/amr_node.h:57:45:[m[K [01;31m[Kerror: [m[Kexpected â€˜[01m[K;[m[Kâ€™ at end of member declaration
[22.991s]    57 |     rclcpp::Publisher<std_msgs::msg::Bool>::[01;31m[KSharedPtr[m[K mode_pub_;
[22.992s]       |                                             [01;31m[K^~~~~~~~~[m[K
[22.994s]       |                                                      [32m[K;[m[K
[22.995s] [01m[K/home/colin/agv_gui/src/amr_v4_qt/include/amr_node.h:57:55:[m[K [01;31m[Kerror: [m[Kâ€˜[01m[Kmode_pub_[m[Kâ€™ does not name a type
[22.996s]    57 |     rclcpp::Publisher<std_msgs::msg::Bool>::SharedPtr [01;31m[Kmode_pub_[m[K;
[22.997s]       |                                                       [01;31m[K^~~~~~~~~[m[K
[23.136s] [01m[K/home/colin/agv_gui/src/amr_v4_qt/src/main.cpp:[m[K In function â€˜[01m[Kint main(int, char**)[m[Kâ€™:
[23.137s] [01m[K/home/colin/agv_gui/src/amr_v4_qt/src/main.cpp:29:26:[m[K [01;31m[Kerror: [m[Kâ€˜[01m[KMakeShared[m[Kâ€™ is not a member of â€˜[01m[Kstd[m[Kâ€™; did you mean â€˜[01m[Kmake_shared[m[Kâ€™?
[23.138s]    29 |     auto amrNode_ = std::[01;31m[KMakeShared[m[K<AmrNode>("amr_node");
[23.139s]       |                          [01;31m[K^~~~~~~~~~[m[K
[23.140s]       |                          [32m[Kmake_shared[m[K
[23.141s] [01m[K/home/colin/agv_gui/src/amr_v4_qt/src/main.cpp:29:44:[m[K [01;31m[Kerror: [m[Kexpected primary-expression before â€˜[01m[K>[m[Kâ€™ token
[23.142s]    29 |     auto amrNode_ = std::MakeShared<AmrNode[01;31m[K>[m[K("amr_node");
[23.143s]       |                                            [01;31m[K^[m[K
[23.160s] [01m[K/home/colin/agv_gui/src/amr_v4_qt/src/main_gui.cpp:[m[K In constructor â€˜[01m[KMainGui::MainGui(std::shared_ptr<AmrNode>, QWidget*)[m[Kâ€™:
[23.162s] [01m[K/home/colin/agv_gui/src/amr_v4_qt/src/main_gui.cpp:62:30:[m[K [01;31m[Kerror: [m[Kâ€˜[01m[KBatterySub[m[Kâ€™ has not been declared
[23.164s]    62 |     connect(amr_node.get(), &[01;31m[KBatterySub[m[K::changedBattery, this, &MainGui::updateBattery);
[23.165s]       |                              [01;31m[K^~~~~~~~~~[m[K
[23.166s] [01m[K/home/colin/agv_gui/src/amr_v4_qt/src/main_gui.cpp:63:30:[m[K [01;31m[Kerror: [m[Kâ€˜[01m[KMotorSub[m[Kâ€™ has not been declared
[23.167s]    63 |     connect(amr_node.get(), &[01;31m[KMotorSub[m[K::changedMotor, this, &MainGui::updateMotors);
[23.168s]       |                              [01;31m[K^~~~~~~~[m[K
[23.169s] [01m[K/home/colin/agv_gui/src/amr_v4_qt/src/main_gui.cpp:64:30:[m[K [01;31m[Kerror: [m[Kâ€˜[01m[KHealthSub[m[Kâ€™ has not been declared
[23.170s]    64 |     connect(amr_node.get(), &[01;31m[KHealthSub[m[K::changedCamera, this, &MainGui::updateCamera);
[23.171s]       |                              [01;31m[K^~~~~~~~~[m[K
[23.172s] [01m[K/home/colin/agv_gui/src/amr_v4_qt/src/main_gui.cpp:65:30:[m[K [01;31m[Kerror: [m[Kâ€˜[01m[KHealthSub[m[Kâ€™ has not been declared
[23.173s]    65 |     connect(amr_node.get(), &[01;31m[KHealthSub[m[K::changedLidar, this, &MainGui::updateLidar);
[23.174s]       |                              [01;31m[K^~~~~~~~~[m[K
[23.175s] [01m[K/home/colin/agv_gui/src/amr_v4_qt/src/main_gui.cpp:66:30:[m[K [01;31m[Kerror: [m[Kâ€˜[01m[KRunningSub[m[Kâ€™ has not been declared
[23.177s]    66 |     connect(amr_node.get(), &[01;31m[KRunningSub[m[K::changedMode, this, &MainGui::updateMode);
[23.178s]       |                              [01;31m[K^~~~~~~~~~[m[K
[23.179s] [01m[K/home/colin/agv_gui/src/amr_v4_qt/src/main_gui.cpp:67:30:[m[K [01;31m[Kerror: [m[Kâ€˜[01m[KRobotSub[m[Kâ€™ has not been declared
[23.180s]    67 |     connect(amr_node.get(), &[01;31m[KRobotSub[m[K::changedStatus, this, &MainGui::updateRobot);
[23.182s]       |                              [01;31m[K^~~~~~~~[m[K
[23.195s] [01m[K/home/colin/agv_gui/src/amr_v4_qt/src/main_gui.cpp:[m[K In member function â€˜[01m[Kvoid MainGui::onModeSwitched()[m[Kâ€™:
[23.196s] [01m[K/home/colin/agv_gui/src/amr_v4_qt/src/main_gui.cpp:103:5:[m[K [01;31m[Kerror: [m[Kâ€˜[01m[KmodeNode[m[Kâ€™ was not declared in this scope
[23.198s]   103 |     [01;31m[KmodeNode[m[K->mode_callback(driveMode);
[23.200s]       |     [01;31m[K^~~~~~~~[m[K
[23.201s] [01m[K/home/colin/agv_gui/src/amr_v4_qt/src/main_gui.cpp:[m[K In member function â€˜[01m[Kint MainGui::getWifiSignalStrength()[m[Kâ€™:
[23.203s] [01m[K/home/colin/agv_gui/src/amr_v4_qt/src/main_gui.cpp:159:18:[m[K [01;35m[Kwarning: [m[Kâ€˜[01m[Kvoid QProcess::start(const QString&, QIODevice::OpenMode)[m[Kâ€™ is deprecated: Use QProcess::start(const QString &program, const QStringList &arguments,OpenMode mode = ReadWrite) instead [[01;35m[K]8;;https://gcc.gnu.org/onlinedocs/gcc/Warning-Options.html#index-Wdeprecated-declarations-Wdeprecated-declarations]8;;[m[K]
[23.205s]   159 |     [01;35m[Kprocess.start("iwconfig")[m[K;
[23.206s]       |     [01;35m[K~~~~~~~~~~~~~^~~~~~~~~~~~[m[K
[23.207s] In file included from [01m[K/usr/include/x86_64-linux-gnu/qt5/QtCore/QProcess:1[m[K,
[23.208s]                  from [01m[K/home/colin/agv_gui/src/amr_v4_qt/src/main_gui.cpp:5[m[K:
[23.209s] [01m[K/usr/include/x86_64-linux-gnu/qt5/QtCore/qprocess.h:168:10:[m[K [01;36m[Knote: [m[Kdeclared here
[23.210s]   168 |     void [01;36m[Kstart[m[K(const QString &command, OpenMode mode = ReadWrite);
[23.211s]       |          [01;36m[K^~~~~[m[K
[24.042s] gmake[2]: *** [CMakeFiles/amr_v4_qt.dir/build.make:250: CMakeFiles/amr_v4_qt.dir/include/moc_main_gui.cpp.o] Error 1
[24.713s] gmake[2]: *** [CMakeFiles/amr_v4_qt.dir/build.make:138: CMakeFiles/amr_v4_qt.dir/src/main.cpp.o] Error 1
[24.719s] gmake[2]: *** [CMakeFiles/amr_v4_qt.dir/build.make:152: CMakeFiles/amr_v4_qt.dir/src/main_gui.cpp.o] Error 1
[24.719s] gmake[1]: *** [CMakeFiles/Makefile2:138: CMakeFiles/amr_v4_qt.dir/all] Error 2
[24.722s] gmake: *** [Makefile:146: all] Error 2
[24.726s] Invoked command in '/home/colin/agv_gui/build/amr_v4_qt' returned '2': CMAKE_PREFIX_PATH=${CMAKE_PREFIX_PATH}:/opt/ros/iron /usr/bin/cmake --build /home/colin/agv_gui/build/amr_v4_qt -- -j4 -l4
